        -:    0:Source:rpg_battle_same_enemy.c
        -:    1:#include <stdio.h>
        -:    2:#include <string.h>
        -:    3:#include <unistd.h>
        -:    4:#include <stdlib.h>
        -:    5:#include <time.h>
        -:    6:#include <sys/stat.h>
        -:    7:#include <conio.h>
        -:    8:#include <math.h>
        -:    9:#include <wchar.h>
        -:   10:#include "rpg.h"
        -:   11:
        5:   12:int player_attack(Player ****st, Enemy ****enemy, int *enemy_deadcount){
        -:   13:  int damage_base, damage, i, eva, critical, eva_count, critical_count, max_damage, temp;
        -:   14:  double eva_base, critical_base;
        -:   15:
        5:   16:  eva_count = 0;
        5:   17:  critical_count = 0;
        5:   18:  damage_base =( ( ( (***st) -> lv + (***st) -> atk ) * 32 ) / 15 ) - (***enemy) -> str;
        5:   19:  if ( damage_base < 0 ){
    #####:   20:    damage_base = 0;
    #####:   21:    return -10;
        -:   22:  }
        5:   23:  eva_base = 3 + ( (***enemy) -> agi * 0.1 ) + ( (***enemy) -> luk * 0.1 ) - ( (***st) -> agi * 0.2) - ( (***st) -> luk * 0.1);   //回避率計算
        -:   24:
        -:   25:  //麻痺状態では攻撃の命中率が下がる
        5:   26:  if ( (***st) -> badstatus == PALYZE ){
    #####:   27:    eva_base += 50;
    #####:   28:    if ( eva_base > 100 ){
    #####:   29:      eva_base = 100;
        -:   30:    }
        -:   31:  }
        -:   32:
        -:   33:  //printf("before eva_base = %f\n", eva_base);
        5:   34:  eva_base = round(eva_base);
        -:   35:  //printf("after eva_base = %f\n", eva_base);
        -:   36:
        5:   37:  if ( eva_base < 3 ){
    #####:   38:    eva_base = 3;     //回避率最小値3%
        -:   39:  }
        -:   40:
        5:   41:  eva = (rand() % ( 100 - 1 + 1 ) + 1);  //回避率の乱数
        -:   42:  //printf("eva number = %d\n", eva);
        -:   43:
       10:   44:  for ( i = 3; i <= eva_base; i++ ){
        5:   45:    if ( eva_base == i ){
        5:   46:      if ( eva >= 1 && eva <= i ){   //回避率eva_base%
    #####:   47:        damage = 0;
    #####:   48:        eva_count++;
        -:   49:      }
        -:   50:    }
        -:   51:  }
        -:   52:
        5:   53:  if ( eva_count == 0 ){
        5:   54:    critical_base = 1 + ( (***st) -> luk * 0.2 ) + ( (***st) -> agi * 0.2 )- ( (***enemy) -> luk * 0.1 );  //critical率の計算
        5:   55:    if ( critical_base < 1 ){
    #####:   56:      critical_base = 1;       //critical最小値1%
        -:   57:    }
        -:   58:    //printf("before critical_base = %f\n", critical_base);
        5:   59:    critical_base = round(critical_base);
        -:   60:    //printf("after critical_base = %f\n", critical_base);
        -:   61:
        5:   62:    critical = (rand() % ( 100 - 1 + 1 ) + 1);   //critical率の乱数
        -:   63:    //printf("critical number = %d\n", critical);
        -:   64:
        -:   65:    //critical_base = 100;
       10:   66:    for ( i = 1; i <= critical_base; i++ ){
        5:   67:      if ( critical_base == i ){
        5:   68:        if ( critical >= 1 && critical <= i ){   //回避率critical_base%
    #####:   69:          max_damage = damage_base * 1.5;   //ダメージの最大乱数はdamage_baseの1.5倍
    #####:   70:          damage = (rand() % ( max_damage - damage_base + 1 )) + damage_base; //(rand()%(max - min + 1)) + min;
    #####:   71:          damage *= 2;     //criticalでダメージ2倍
    #####:   72:          damage += 100000;
    #####:   73:          critical_count++;
        -:   74:        }
        -:   75:      }
        -:   76:    }
        -:   77:
        5:   78:    max_damage = damage_base * 1.3;
        -:   79:
        5:   80:    if ( critical_count == 0 ){
        5:   81:      damage = (rand() % ( max_damage - damage_base + 1) ) + damage_base; //(rand()%(max - min + 1)) + min;
        -:   82:      //敵の耐性判断
        5:   83:      if ( (***enemy) -> physical_attack == 150 ){     //物理攻撃1.5倍
        1:   84:        damage *= 1.5;
        -:   85:      }
        4:   86:      else if ( (***enemy) -> physical_attack == 200 ){
    #####:   87:        printf("%sの通常攻撃!\n", (***st) -> name);
    #####:   88:        sleep(1);
    #####:   89:        printf("WEAKNESS!!\n");
    #####:   90:        damage *= 2;
        -:   91:      }
        4:   92:      else if ( (***enemy) -> physical_attack == 80 ){  //物理攻撃ダメージ80%
    #####:   93:        damage *= 0.8;
        -:   94:      }
        4:   95:      else if ( (***enemy) -> physical_attack == 50 ){  //物理攻撃半減
    #####:   96:        printf("%sの通常攻撃!\n", (***st) -> name);
    #####:   97:        sleep(1);
    #####:   98:        printf("RESIST!\n");
    #####:   99:        damage *= 0.5;
        -:  100:      }
        4:  101:      else if ( (***enemy) -> physical_attack == 25 ){  //物理攻撃ダメージ25%
    #####:  102:        printf("%sの通常攻撃!\n", (***st) -> name);
    #####:  103:        sleep(1);
    #####:  104:        printf("RESIST!\n");
    #####:  105:        damage *= 0.25;
        -:  106:      }
        4:  107:      else if ( (***enemy) -> physical_attack == -1 ){   //物理攻撃無効
    #####:  108:        damage = -1;
        -:  109:      }
        4:  110:      else if ( (***enemy) -> physical_attack == -2 ){   //物理攻撃吸収
    #####:  111:        temp = damage;
    #####:  112:        damage = -2;
    #####:  113:        (***enemy) -> hp += temp;
    #####:  114:        if ( (***enemy) -> hp > (***enemy) -> maxhp ){
    #####:  115:          (***enemy) -> hp = (***enemy) -> maxhp;
        -:  116:        }
    #####:  117:        printf("%sの通常攻撃!\n", (***st) -> name);
    #####:  118:        sleep(1);
    #####:  119:        printf("Absorb!\n");
    #####:  120:        printf("%s:%dダメージ吸収\n", (***enemy) -> name, temp);
        -:  121:      }
        4:  122:      else if ( (***enemy) -> physical_attack == -3 ){   //物理攻撃反射
    #####:  123:        temp = damage;
    #####:  124:        damage = -3;
    #####:  125:        (***st) -> hp -= temp;
    #####:  126:        printf("%sの通常攻撃!\n", (***st) -> name);
    #####:  127:        sleep(1);
    #####:  128:        printf("Reflect!\n");
    #####:  129:        printf("%sは%dダメージを受けた\n", (***st) -> name, temp);
    #####:  130:        if ( (***st) -> hp <= 0 ){
    #####:  131:          (***st) -> hp = 0;
    #####:  132:          (***st) -> badstatus = DEAD;
    #####:  133:          sleep(1);
    #####:  134:          printf("%sは死んでしまった\n", (***st) -> name);
        -:  135:        }
        -:  136:      }
        -:  137:
        -:  138:    }
        -:  139:  }
        -:  140:
        5:  141:  return damage;
        -:  142:}
        -:  143:
        2:  144:double calculate_enemy_turn(double enemy_turn, double turn_decrease){
        -:  145:
        2:  146:  if ( turn_decrease == -1 ){  //ターンを1消費
        2:  147:    if ( enemy_turn == 4 || enemy_turn == 3 || enemy_turn == 2 || enemy_turn == 1 ){
        2:  148:      enemy_turn += turn_decrease;
        -:  149:    }
    #####:  150:    else if ( enemy_turn == 4.4 ){
    #####:  151:      enemy_turn = 3.3;
        -:  152:    }
    #####:  153:    else if ( enemy_turn == 4.3 ){
    #####:  154:      enemy_turn = 3.2;
        -:  155:    }
    #####:  156:    else if ( enemy_turn == 4.2 ){
    #####:  157:      enemy_turn = 3.1;
        -:  158:    }
    #####:  159:    else if ( enemy_turn == 4.1 ){
    #####:  160:      enemy_turn = 3.0;
        -:  161:    }
    #####:  162:    else if ( enemy_turn == 3.3 ){
    #####:  163:      enemy_turn = 2.2;
        -:  164:    }
    #####:  165:    else if ( enemy_turn == 3.2 ){
    #####:  166:      enemy_turn = 2.1;
        -:  167:    }
    #####:  168:    else if ( enemy_turn == 3.1 ){
    #####:  169:      enemy_turn = 2.0;
        -:  170:    }
    #####:  171:    else if ( enemy_turn == 2.2 ){
    #####:  172:      enemy_turn = 1.1;
        -:  173:    }
    #####:  174:    else if ( enemy_turn == 2.1 ){
    #####:  175:      enemy_turn = 1.0;
        -:  176:    }
    #####:  177:    else if ( enemy_turn == 1.1 ){
    #####:  178:      enemy_turn = 0.0;
        -:  179:    }
        -:  180:  }
    #####:  181:  else if ( turn_decrease == -2 ){
    #####:  182:    if ( enemy_turn == 4 || enemy_turn == 3 || enemy_turn == 2 || enemy_turn == 1 ){
    #####:  183:      enemy_turn += turn_decrease;
        -:  184:    }
    #####:  185:    else if ( enemy_turn == 4.4 ){
    #####:  186:      enemy_turn = 2.2;
        -:  187:    }
    #####:  188:    else if ( enemy_turn == 4.3 ){
    #####:  189:      enemy_turn = 2.1;
        -:  190:    }
    #####:  191:    else if ( enemy_turn == 4.2 ){
    #####:  192:      enemy_turn = 2.0;
        -:  193:    }
    #####:  194:    else if ( enemy_turn == 4.1 ){
    #####:  195:      enemy_turn = 2.0;
        -:  196:    }
    #####:  197:    else if ( enemy_turn == 3.3 ){
    #####:  198:      enemy_turn = 1.1;
        -:  199:    }
    #####:  200:    else if ( enemy_turn == 3.2 ){
    #####:  201:      enemy_turn = 1.0;
        -:  202:    }
    #####:  203:    else if ( enemy_turn == 3.1 ){
        -:  204:      enemy_turn == 1.0;
        -:  205:    }
    #####:  206:    else if ( enemy_turn == 2.2 || enemy_turn == 2.1 || enemy_turn == 1.1 ){
    #####:  207:      enemy_turn = 0.0;
        -:  208:    }
        -:  209:  }
        -:  210:  //turn増加
    #####:  211:  else if ( turn_decrease == 0.1 ){
    #####:  212:    if ( enemy_turn == 4 || enemy_turn == 3 || enemy_turn == 2 || enemy_turn == 1 ){
        -:  213:      //printf("here\n");
    #####:  214:      enemy_turn += turn_decrease;
        -:  215:      //printf("enemy_turn:%f\n", enemy_turn);
        -:  216:    }
    #####:  217:    else if ( enemy_turn == 4.4 ){
    #####:  218:      enemy_turn = 3.3;
        -:  219:    }
    #####:  220:    else if ( enemy_turn == 4.3 || enemy_turn == 4.2 || enemy_turn == 4.1 ){
    #####:  221:      enemy_turn += turn_decrease;
        -:  222:    }
    #####:  223:    else if ( enemy_turn == 3.3 ){
    #####:  224:      enemy_turn = 3.2;
        -:  225:    }
    #####:  226:    else if ( enemy_turn == 3.2 || enemy_turn == 3.1 ){
    #####:  227:      enemy_turn += turn_decrease;
        -:  228:    }
    #####:  229:    else if ( enemy_turn == 2.2 ){
    #####:  230:      enemy_turn = 1.1;
        -:  231:    }
    #####:  232:    else if ( enemy_turn == 2.1 ){
    #####:  233:      enemy_turn += turn_decrease;
        -:  234:    }
    #####:  235:    else if ( enemy_turn == 1.1 ){
    #####:  236:      enemy_turn = 0.0;
        -:  237:    }
        -:  238:
        -:  239:  }
        -:  240:
        2:  241:  return enemy_turn;
        -:  242:}
        -:  243:
        2:  244:double enemy_attack(Player *****st, Player *****st2, Player *****st3, Enemy *****enemy, int player_guard, int player_guard2, int player_guard3, double enemy_turn){
        -:  245:  int damage_base, damage, eva, critical, eva_count, critical_count, i, max_damage;
        -:  246:  int temp, target_base, target;
        -:  247:  double eva_base, critical_base, turn_decrease;
        -:  248:
        2:  249:  eva_count = 0;
        2:  250:  critical_count = 0;
        -:  251:  //damage_base = ( (****enemy) -> atk + (****enemy) -> lv ) * 5 - ( (****st) -> str + (****st) -> lv ) * 2;
        2:  252:  printf("%sの攻撃!\n", (****enemy) -> name);
        2:  253:  sleep(1);
        -:  254:  //eva_base = 3 + ( (****st) -> agi * 0.2 ) + ( (****st) -> luk * 0.1 ) - ( (****enemy) -> agi * 0.1) - ( (****enemy) -> luk * 0.1);   //回避率計算
        -:  255:
        -:  256:  //攻撃する味方を選択
        2:  257:  target_base = (rand() % ( 3 - 1 + 1 ) + 1); //各メンバーへの攻撃確率は33%
       2*:  258:  if ( target_base == 1 && (****st) -> badstatus == DEAD ){  //targetが死亡していたときtarget変更
    #####:  259:    if ( (****st2) -> badstatus == DEAD ){
    #####:  260:      target_base = 3;
        -:  261:    }
        -:  262:    else{
    #####:  263:      target_base = 2;
        -:  264:    }
        -:  265:  }
        2:  266:  if ( target_base == 2 && (****st2) -> badstatus == DEAD ){
    #####:  267:    if ( (****st3) -> badstatus == DEAD ){
    #####:  268:      target_base = 1;
        -:  269:    }
        -:  270:    else{
    #####:  271:      target_base = 3;
        -:  272:    }
        -:  273:  }
        2:  274:  if ( target_base == 3 && (****st3) -> badstatus == DEAD ){
    #####:  275:    if ( (****st) -> badstatus == DEAD ){
    #####:  276:      target_base = 2;
        -:  277:    }
        -:  278:    else{
    #####:  279:      target_base = 1;
        -:  280:    }
        -:  281:  }
        2:  282:  if ( target_base == 1 ){  //主人公
    #####:  283:    if ( (****st) -> physical_attack == -1 ){  //物理攻撃無効
    #####:  284:      turn_decrease = -2;
    #####:  285:      enemy_turn = calculate_enemy_turn(enemy_turn, turn_decrease);
    #####:  286:      return enemy_turn;
        -:  287:    }
    #####:  288:    else if ( (****st) -> physical_attack == -2 ){  //物理攻撃吸収
    #####:  289:      damage_base = ( ( ( (****enemy) -> lv + (****enemy) -> atk ) * 32 ) / 15 ) - (****st) -> str * 2;
    #####:  290:      if ( damage_base < 0 ){
    #####:  291:        damage_base = 1;
        -:  292:      }
    #####:  293:      max_damage = damage_base * 1.3;
    #####:  294:      damage = (rand() % ( max_damage - damage_base + 1 )) + damage_base;
    #####:  295:      temp = damage;
    #####:  296:      damage = -2;
    #####:  297:      (****st) -> hp += temp;
    #####:  298:      if ( (****st) -> hp > (****st) -> maxhp ){
    #####:  299:        (****st) -> hp = (****st) -> maxhp;
        -:  300:      }
    #####:  301:      printf("Absorb!\n");
    #####:  302:      sleep(1);
    #####:  303:      printf("%s<<%dダメージ吸収\n", (****st) -> name, temp);
    #####:  304:      turn_decrease = -2;
    #####:  305:      enemy_turn = calculate_enemy_turn(enemy_turn, turn_decrease);
    #####:  306:      return enemy_turn;
        -:  307:    }
    #####:  308:    else if ( (****st) -> physical_attack == -3 ){  //物理攻撃反射
    #####:  309:      damage_base = ( ( ( (****enemy) -> lv + (****enemy) -> atk ) * 32 ) / 15 ) - (****st) -> str * 2;
    #####:  310:      if ( damage_base < 0 ){
    #####:  311:        damage_base = 1;
        -:  312:      }
    #####:  313:      max_damage = damage_base * 1.3;
    #####:  314:      temp = damage;
    #####:  315:      damage = -3;
    #####:  316:      (****enemy) -> hp -= temp;
    #####:  317:      printf("Reflect!\n");
    #####:  318:      sleep(1);
    #####:  319:      printf("%s<<%dダメージ\n", (****enemy) -> name, temp);
    #####:  320:      if ( (****enemy) -> hp <= 0 ){
    #####:  321:        (****enemy) -> hp = 0;
    #####:  322:        (****enemy) -> badstatus = DEAD;
    #####:  323:        printf("%sは倒れた\n", (****enemy) -> name);
        -:  324:      }
    #####:  325:      turn_decrease = -2;
    #####:  326:      enemy_turn = calculate_enemy_turn(enemy_turn, turn_decrease);
    #####:  327:      return enemy_turn;
        -:  328:    }
        -:  329:    else{
    #####:  330:      target = 1;   //主人公
    #####:  331:      damage_base = ( ( ( (****enemy) -> lv + (****enemy) -> atk ) * 32 ) / 15 ) - (****st) -> str * 2;
    #####:  332:      if ( damage_base < 0 ){
    #####:  333:        damage_base = 1;
        -:  334:      }
    #####:  335:      eva_base = 3 + ( (****st) -> agi * 0.2 ) + ( (****st) -> luk * 0.1 ) - ( (****enemy) -> agi * 0.1) - ( (****enemy) -> luk * 0.1);   //回避率計算
        -:  336:    }
        -:  337:  }
        2:  338:  else if ( target_base == 2 ){   //2人目のメンバー
        1:  339:    if ( (****st2) -> physical_attack == -1 ){  //物理攻撃無効
    #####:  340:      damage = -1;
    #####:  341:      turn_decrease = -2;
    #####:  342:      enemy_turn = calculate_enemy_turn(enemy_turn, turn_decrease);
    #####:  343:      return enemy_turn;
        -:  344:    }
        1:  345:    else if ( (****st2) -> physical_attack == -2 ){  //物理攻撃吸収
    #####:  346:      damage_base = ( ( ( (****enemy) -> lv + (****enemy) -> atk ) * 32 ) / 15 ) - (****st2) -> str * 2;
    #####:  347:      if ( damage_base < 0 ){
    #####:  348:        damage_base = 1;
        -:  349:      }
    #####:  350:      max_damage = damage_base * 1.3;
    #####:  351:      temp = damage;
    #####:  352:      damage = -2;
    #####:  353:      (****st2) -> hp += temp;
    #####:  354:      if ( (****st2) -> hp > (****st2) -> maxhp ){
    #####:  355:        (****st2) -> hp = (****st2) -> maxhp;
        -:  356:      }
    #####:  357:      printf("Absorb!\n");
    #####:  358:      sleep(1);
    #####:  359:      printf("%s<<%dダメージ吸収\n", (****st2) -> name, temp);
    #####:  360:      turn_decrease = -2;
    #####:  361:      enemy_turn = calculate_enemy_turn(enemy_turn, turn_decrease);
    #####:  362:      return enemy_turn;
        -:  363:    }
        1:  364:    else if ( (****st2) -> physical_attack == -3 ){  //物理攻撃反射
    #####:  365:      damage_base = ( ( ( (****enemy) -> lv + (****enemy) -> atk ) * 32 ) / 15 ) - (****st2) -> str * 2;
    #####:  366:      if ( damage_base < 0 ){
    #####:  367:        damage_base = 1;
        -:  368:      }
    #####:  369:      max_damage = damage_base * 1.3;
    #####:  370:      temp = damage;
    #####:  371:      damage = -3;
    #####:  372:      (****enemy) -> hp -= temp;
    #####:  373:      printf("Reflect!\n");
    #####:  374:      sleep(1);
    #####:  375:      printf("%s<<%dダメージ\n", (****enemy) -> name, temp);
    #####:  376:      if ( (****enemy) -> hp <= 0 ){
    #####:  377:        (****enemy) -> hp = 0;
    #####:  378:        (****enemy) -> badstatus = DEAD;
    #####:  379:        printf("%sは倒れた\n", (****enemy) -> name);
        -:  380:      }
    #####:  381:      turn_decrease = -2;
    #####:  382:      enemy_turn = calculate_enemy_turn(enemy_turn, turn_decrease);
    #####:  383:      return enemy_turn;
        -:  384:    }
        -:  385:    else{
        1:  386:      target = 2;
        1:  387:      damage_base = ( ( ( (****enemy) -> lv + (****enemy) -> atk ) * 32 ) / 15 ) - (****st2) -> str * 2;
        1:  388:      if ( damage_base < 0 ){
    #####:  389:        damage_base = 1;
        -:  390:      }
        1:  391:      eva_base = 3 + ( (****st2) -> agi * 0.2 ) + ( (****st2) -> luk * 0.1 ) - ( (****enemy) -> agi * 0.1) - ( (****enemy) -> luk * 0.1);   //回避率計算
        -:  392:    }
        -:  393:  }
        1:  394:  else if ( target_base == 3 ){   //３人目のメンバー
        1:  395:    if ( (****st3) -> physical_attack == -1 ){  //物理攻撃無効
    #####:  396:      damage = -1;
    #####:  397:      turn_decrease = -2;
    #####:  398:      enemy_turn = calculate_enemy_turn(enemy_turn, turn_decrease);
    #####:  399:      return enemy_turn;
        -:  400:    }
        1:  401:    else if ( (****st3) -> physical_attack == -2 ){  //物理攻撃吸収
    #####:  402:      damage_base = ( ( ( (****enemy) -> lv + (****enemy) -> atk ) * 32 ) / 15 ) - (****st3) -> str * 2;
    #####:  403:      if ( damage_base < 0 ){
    #####:  404:        damage_base = 1;
        -:  405:      }
    #####:  406:      max_damage = damage_base * 1.3;
    #####:  407:      temp = damage;
    #####:  408:      damage = -2;
    #####:  409:      (****st) -> hp += temp;
    #####:  410:      if ( (****st3) -> hp > (****st3) -> maxhp ){
    #####:  411:        (****st3) -> hp = (****st3) -> maxhp;
        -:  412:      }
    #####:  413:      printf("Absorb!\n");
    #####:  414:      sleep(1);
    #####:  415:      printf("%s<<%dダメージ吸収\n", (****st3) -> name, temp);
    #####:  416:      turn_decrease = -2;
    #####:  417:      enemy_turn = calculate_enemy_turn(enemy_turn, turn_decrease);
    #####:  418:      return enemy_turn;
        -:  419:    }
        1:  420:    else if ( (****st3) -> physical_attack == -3 ){  //物理攻撃反射
    #####:  421:      damage_base = ( ( ( (****enemy) -> lv + (****enemy) -> atk ) * 32 ) / 15 ) - (****st3) -> str * 2;
    #####:  422:      if ( damage_base < 0 ){
    #####:  423:        damage_base = 1;
        -:  424:      }
    #####:  425:      max_damage = damage_base * 1.3;
    #####:  426:      temp = damage;
    #####:  427:      damage = -3;
    #####:  428:      (****enemy) -> hp -= temp;
    #####:  429:      printf("Reflect!\n");
    #####:  430:      sleep(1);
    #####:  431:      printf("%s<<%dダメージ\n", (****enemy) -> name, temp);
    #####:  432:      if ( (****enemy) -> hp <= 0 ){
    #####:  433:        (****enemy) -> hp = 0;
    #####:  434:        (****enemy) -> badstatus = DEAD;
    #####:  435:        printf("%sは倒れた\n", (****enemy) -> name);
        -:  436:      }
    #####:  437:      turn_decrease = -2;
    #####:  438:      enemy_turn = calculate_enemy_turn(enemy_turn, turn_decrease);
    #####:  439:      return enemy_turn;
        -:  440:    }
        -:  441:    else{
        1:  442:      target = 3;
        1:  443:      damage_base = ( ( ( (****enemy) -> lv + (****enemy) -> atk ) * 32 ) / 15 ) - (****st3) -> str * 2;
        1:  444:      if ( damage_base < 0 ){
    #####:  445:        damage_base = 1;
        -:  446:      }
        1:  447:      eva_base = 3 + ( (****st3) -> agi * 0.2 ) + ( (****st3) -> luk * 0.1 ) - ( (****enemy) -> agi * 0.1) - ( (****enemy) -> luk * 0.1);   //回避率計算
        -:  448:    }
        -:  449:  }
        -:  450:
        -:  451:  //printf("target:%d\n", target);
        -:  452:
        -:  453:  //printf("before eva_base = %f\n", eva_base);
        2:  454:  eva_base = round(eva_base);
        -:  455:  //printf("after eva_base = %f\n", eva_base);
        -:  456:
        2:  457:  if ( eva_base < 3 ){
    #####:  458:    eva_base = 3;     //回避率最小値3%
        -:  459:  }
        -:  460:
        2:  461:  eva = (rand() % ( 100 - 1 + 1 ) + 1);  //回避率の乱数
        -:  462:  //printf("eva number = %d\n", eva);
        4:  463:  for ( i = 3; i <= eva_base; i++ ){
        2:  464:    if ( eva_base == i ){
        2:  465:      if ( eva >= 1 && eva <= i ){   //回避率eva_base%
    #####:  466:        damage = 0;
    #####:  467:        printf("MISS!\n");
    #####:  468:        turn_decrease = -2;
    #####:  469:        enemy_turn = calculate_enemy_turn(enemy_turn, turn_decrease);
    #####:  470:        eva_count++;
        -:  471:      }
        -:  472:    }
        -:  473:  }
        -:  474:
        2:  475:  if ( eva_count == 0 ){
        2:  476:    if ( target == 1 ){
    #####:  477:      critical_base = 1 + ( (****enemy) -> luk * 0.2) - ( (****st) -> luk * 0.1);  //critical率の計算
    #####:  478:      if ( critical_base < 1 ){
    #####:  479:        critical_base = 1;       //critical最小値1%
        -:  480:      }
        -:  481:    }
        2:  482:    else if ( target == 2 ){
        1:  483:      critical_base = 1 + ( (****enemy) -> luk * 0.2) - ( (****st2) -> luk * 0.1);  //critical率の計算
        1:  484:      if ( critical_base < 1 ){
    #####:  485:        critical_base = 1;       //critical最小値1%
        -:  486:      }
        -:  487:    }
        1:  488:    else if ( target == 3 ){
        1:  489:      critical_base = 1 + ( (****enemy) -> luk * 0.2) - ( (****st3) -> luk * 0.1);  //critical率の計算
        1:  490:      if ( critical_base < 1 ){
    #####:  491:        critical_base = 1;       //critical最小値1%
        -:  492:      }
        -:  493:    }
        -:  494:    //printf("before critical_base = %f\n", critical_base);
        2:  495:    critical_base = round(critical_base);
        -:  496:    //printf("after critical_base = %f\n", critical_base);
        -:  497:
        2:  498:    critical = (rand() % ( 100 - 1 + 1 ) + 1);   //critical率の乱数
        -:  499:    //printf("critical number = %d\n", critical);
        -:  500:
        4:  501:    for ( i = 1; i <= critical_base; i++ ){
        2:  502:      if ( critical_base == i ){
        2:  503:        if ( critical >= 1 && critical <= i ){   //回避率critical_base%
    #####:  504:          max_damage = damage_base * 1.3;   //ダメージの最大乱数はdamage_baseの1.3倍
    #####:  505:          sleep(1);
    #####:  506:          printf("CRITICAL!!\n");
    #####:  507:          damage = (rand() % ( max_damage - damage_base + 1 )) + damage_base; //(rand()%(max - min + 1)) + min;
    #####:  508:          damage *= 2;     //criticalでダメージ2倍
    #####:  509:          critical_count++;
    #####:  510:          turn_decrease = 0.1;
    #####:  511:          enemy_turn = calculate_enemy_turn(enemy_turn, turn_decrease);
        -:  512:        }
        -:  513:      }
        -:  514:    }
        -:  515:
        2:  516:    max_damage = damage_base * 1.3;
        2:  517:    if ( critical_count == 0 ){
        2:  518:      damage = (rand() % ( max_damage - damage_base + 1) ) + damage_base; //(rand()%(max - min + 1)) + min;
        -:  519:      //味方の耐性判断
        2:  520:      if ( target == 1 ){
    #####:  521:        if ( (****st) -> physical_attack == 100 ){
    #####:  522:          damage = damage;
    #####:  523:          turn_decrease = -1;
    #####:  524:          enemy_turn = calculate_enemy_turn(enemy_turn, turn_decrease);
        -:  525:        }
    #####:  526:        else if ( (****st) -> physical_attack == 150 ){     //物理攻撃1.5倍
    #####:  527:          damage *= 1.5;
    #####:  528:          turn_decrease = -1;
    #####:  529:          enemy_turn = calculate_enemy_turn(enemy_turn, turn_decrease);
        -:  530:        }
    #####:  531:        else if ( (****st) -> physical_attack == 200 ){
    #####:  532:          sleep(1);
    #####:  533:          printf("WEAKNESS!!\n");
    #####:  534:          damage *= 2;
    #####:  535:          turn_decrease = 0.1;
    #####:  536:          enemy_turn = calculate_enemy_turn(enemy_turn, turn_decrease);
        -:  537:        }
    #####:  538:        else if ( (****st) -> physical_attack == 80 ){  //物理攻撃ダメージ80%
    #####:  539:          damage *= 0.8;
    #####:  540:          turn_decrease = -1;
    #####:  541:          enemy_turn = calculate_enemy_turn(enemy_turn, turn_decrease);
        -:  542:        }
    #####:  543:        else if ( (****st) -> physical_attack == 50 ){  //物理攻撃半減
    #####:  544:          sleep(1);
    #####:  545:          printf("RESIST!\n");
    #####:  546:          damage *= 0.5;
    #####:  547:          turn_decrease = -1;
    #####:  548:          enemy_turn = calculate_enemy_turn(enemy_turn, turn_decrease);
        -:  549:        }
    #####:  550:        else if ( (****st) -> physical_attack == 25 ){  //物理攻撃ダメージ25%
    #####:  551:          sleep(1);
    #####:  552:          printf("RESIST!\n");
    #####:  553:          damage *= 0.25;
    #####:  554:          turn_decrease = -1;
    #####:  555:          enemy_turn = calculate_enemy_turn(enemy_turn, turn_decrease);
        -:  556:        }
        -:  557:
    #####:  558:        if ( player_guard == 1 ){
    #####:  559:          damage /= 1.6;
    #####:  560:          turn_decrease = -1;
    #####:  561:          enemy_turn = calculate_enemy_turn(enemy_turn, turn_decrease);
        -:  562:        }
        -:  563:      }
        2:  564:      else if ( target == 2 ){
        1:  565:        if ( (****st2) -> physical_attack == 100 ){
        1:  566:          damage = damage;
        1:  567:          turn_decrease = -1;
        1:  568:          enemy_turn = calculate_enemy_turn(enemy_turn, turn_decrease);
        -:  569:        }
    #####:  570:        else if ( (****st2) -> physical_attack == 150 ){     //物理攻撃1.5倍
    #####:  571:          damage *= 1.5;
    #####:  572:          turn_decrease = -1;
    #####:  573:          enemy_turn = calculate_enemy_turn(enemy_turn, turn_decrease);
        -:  574:        }
    #####:  575:        else if ( (****st2) -> physical_attack == 200 ){
    #####:  576:          sleep(1);
    #####:  577:          printf("WEAKNESS!!\n");
    #####:  578:          damage *= 2;
    #####:  579:          turn_decrease = 0.1;
    #####:  580:          enemy_turn = calculate_enemy_turn(enemy_turn, turn_decrease);
        -:  581:        }
    #####:  582:        else if ( (****st2) -> physical_attack == 80 ){  //物理攻撃ダメージ80%
    #####:  583:          damage *= 0.8;
    #####:  584:          turn_decrease = -1;
    #####:  585:          enemy_turn = calculate_enemy_turn(enemy_turn, turn_decrease);
        -:  586:        }
    #####:  587:        else if ( (****st2) -> physical_attack == 50 ){  //物理攻撃半減
    #####:  588:          sleep(1);
    #####:  589:          printf("RESIST!\n");
    #####:  590:          damage *= 0.5;
    #####:  591:          turn_decrease = -1;
    #####:  592:          enemy_turn = calculate_enemy_turn(enemy_turn, turn_decrease);
        -:  593:        }
    #####:  594:        else if ( (****st2) -> physical_attack == 25 ){  //物理攻撃ダメージ25%
    #####:  595:          sleep(1);
    #####:  596:          printf("RESIST!\n");
    #####:  597:          damage *= 0.25;
    #####:  598:          turn_decrease = -1;
    #####:  599:          enemy_turn = calculate_enemy_turn(enemy_turn, turn_decrease);
        -:  600:        }
        -:  601:
        1:  602:        if ( player_guard2 == 1 ){
    #####:  603:          damage /= 1.6;
    #####:  604:          turn_decrease = -1;
    #####:  605:          enemy_turn = calculate_enemy_turn(enemy_turn, turn_decrease);
        -:  606:        }
        -:  607:      }
        1:  608:      else if ( target == 3 ){
        1:  609:        if ( (****st3) -> physical_attack == 100 ){
        1:  610:          damage = damage;
        1:  611:          turn_decrease = -1;
        1:  612:          enemy_turn = calculate_enemy_turn(enemy_turn, turn_decrease);
        -:  613:        }
    #####:  614:        else if ( (****st3) -> physical_attack == 150 ){     //物理攻撃1.5倍
    #####:  615:          damage *= 1.5;
    #####:  616:          turn_decrease = -1;
    #####:  617:          enemy_turn = calculate_enemy_turn(enemy_turn, turn_decrease);
        -:  618:        }
    #####:  619:        else if ( (****st3) -> physical_attack == 200 ){
    #####:  620:          sleep(1);
    #####:  621:          printf("WEAKNESS!!\n");
    #####:  622:          damage *= 2;
    #####:  623:          turn_decrease = 0.1;
    #####:  624:          enemy_turn = calculate_enemy_turn(enemy_turn, turn_decrease);
        -:  625:        }
    #####:  626:        else if ( (****st3) -> physical_attack == 80 ){  //物理攻撃ダメージ80%
    #####:  627:          damage *= 0.8;
    #####:  628:          turn_decrease = -1;
    #####:  629:          enemy_turn = calculate_enemy_turn(enemy_turn, turn_decrease);
        -:  630:        }
    #####:  631:        else if ( (****st3) -> physical_attack == 50 ){  //物理攻撃半減
    #####:  632:          sleep(1);
    #####:  633:          printf("RESIST!\n");
    #####:  634:          damage *= 0.5;
    #####:  635:          turn_decrease = -1;
    #####:  636:          enemy_turn = calculate_enemy_turn(enemy_turn, turn_decrease);
        -:  637:        }
    #####:  638:        else if ( (****st3) -> physical_attack == 25 ){  //物理攻撃ダメージ25%
    #####:  639:          sleep(1);
    #####:  640:          printf("RESIST!\n");
    #####:  641:          damage *= 0.25;
    #####:  642:          turn_decrease = -1;
    #####:  643:          enemy_turn = calculate_enemy_turn(enemy_turn, turn_decrease);
        -:  644:        }
        -:  645:
        1:  646:        if ( player_guard3 == 1 ){
    #####:  647:          damage /= 1.6;
    #####:  648:          turn_decrease = -1;
    #####:  649:          enemy_turn = calculate_enemy_turn(enemy_turn, turn_decrease);
        -:  650:        }
        -:  651:      }
        -:  652:    }
        -:  653:
        2:  654:    if ( target == 1 ){
    #####:  655:      if ( damage >= (****st) -> hp ){
    #####:  656:        sleep(1);
    #####:  657:        printf("%s<<%dダメージ\n", (****st) -> name, damage);
    #####:  658:        sleep(1);
    #####:  659:        printf("%sは死んでしまった!\n", (****st) -> name);
    #####:  660:        (****st) -> hp = 0;
    #####:  661:        (****st) -> badstatus = DEAD;
        -:  662:      }
        -:  663:      else{
    #####:  664:        printf("%s<<%dダメージ\n", (****st) -> name, damage);
    #####:  665:        (****st) -> hp -= damage;
    #####:  666:        if ( (****st) -> hp <= 0 ){
    #####:  667:          (****st) -> hp = 0;
    #####:  668:          (****st) -> badstatus = DEAD;
        -:  669:        }
        -:  670:      }
        -:  671:    }
        2:  672:    else if ( target == 2 ){
        1:  673:      if ( damage >= (****st2) -> hp ){
    #####:  674:        sleep(1);
    #####:  675:        printf("%s<<%dダメージ\n", (****st2) -> name, damage);
    #####:  676:        sleep(1);
    #####:  677:        printf("%sは死んでしまった!\n", (****st2) -> name);
    #####:  678:        (****st2) -> hp = 0;
    #####:  679:        (****st2) -> badstatus = DEAD;
        -:  680:      }
        -:  681:      else{
        1:  682:        printf("%s<<%dダメージ\n", (****st2) -> name, damage);
        1:  683:        (****st2) -> hp -= damage;
        1:  684:        if ( (****st2) -> hp <= 0 ){
    #####:  685:          (****st2) -> hp = 0;
    #####:  686:          (****st2) -> badstatus = DEAD;
        -:  687:        }
        -:  688:      }
        -:  689:    }
        -:  690:    else{
        1:  691:      if ( damage >= (****st2) -> hp ){
    #####:  692:        sleep(1);
    #####:  693:        printf("%s<<%dダメージ\n", (****st3) -> name, damage);
    #####:  694:        sleep(1);
    #####:  695:        printf("%sは死んでしまった!\n", (****st3) -> name);
    #####:  696:        (****st3) -> hp = 0;
    #####:  697:        (****st3) -> badstatus = DEAD;
        -:  698:      }
        -:  699:      else{
        1:  700:        printf("%s<<%dダメージ\n", (****st3) -> name, damage);
        1:  701:        (****st3) -> hp -= damage;
        1:  702:        if ( (****st3) -> hp <= 0 ){
    #####:  703:          (****st3) -> hp = 0;
    #####:  704:          (****st3) -> badstatus = DEAD;
        -:  705:        }
        -:  706:      }
        -:  707:    }
        -:  708:  }
        -:  709:
        2:  710:  player_guard = 0;
        2:  711:  player_guard2 = 0;
        2:  712:  player_guard3 = 0;
        -:  713:
        -:  714:  //printf("enemy_attack's enemy_turn:%f\n", enemy_turn);
        -:  715:
        2:  716:  return enemy_turn;
        -:  717:}
        -:  718:
    #####:  719:double enemy_copy_attack(Player *****st, Player *****st2, Player *****st3, Enemy **enemy_copy1, int player_guard, int player_guard2, int player_guard3, double enemy_turn){
        -:  720:  int damage_base, damage, eva, critical, eva_count, critical_count, i, max_damage;
        -:  721:  int temp, target_base, target;
        -:  722:  double eva_base, critical_base, turn_decrease;
        -:  723:
    #####:  724:  eva_count = 0;
    #####:  725:  critical_count = 0;
        -:  726:  //damage_base = ( (****enemy) -> atk + (****enemy) -> lv ) * 5 - ( (****st) -> str + (****st) -> lv ) * 2;
    #####:  727:  printf("%sの攻撃!\n", (*enemy_copy1) -> name);
    #####:  728:  sleep(1);
        -:  729:  //eva_base = 3 + ( (****st) -> agi * 0.2 ) + ( (****st) -> luk * 0.1 ) - ( (****enemy) -> agi * 0.1) - ( (****enemy) -> luk * 0.1);   //回避率計算
        -:  730:
        -:  731:  //攻撃する味方を選択
    #####:  732:  target_base = (rand() % ( 3 - 1 + 1 ) + 1); //各メンバーへの攻撃確率は33%
    #####:  733:  if ( target_base == 1 ){  //主人公
    #####:  734:    if ( (****st) -> physical_attack == -1 ){  //物理攻撃無効
    #####:  735:      turn_decrease = -2;
    #####:  736:      enemy_turn = calculate_enemy_turn(enemy_turn, turn_decrease);
    #####:  737:      return enemy_turn;
        -:  738:    }
    #####:  739:    else if ( (****st) -> physical_attack == -2 ){  //物理攻撃吸収
    #####:  740:      damage_base = ( ( ( (*enemy_copy1) -> lv + (*enemy_copy1) -> atk ) * 32 ) / 15 ) - (****st) -> str * 2;
    #####:  741:      max_damage = damage_base * 1.3;
    #####:  742:      damage = (rand() % ( max_damage - damage_base + 1 )) + damage_base;
    #####:  743:      temp = damage;
    #####:  744:      damage = -2;
    #####:  745:      (****st) -> hp += temp;
    #####:  746:      if ( (****st) -> hp > (****st) -> maxhp ){
    #####:  747:        (****st) -> hp = (****st) -> maxhp;
        -:  748:      }
    #####:  749:      printf("Absorb!\n");
    #####:  750:      sleep(1);
    #####:  751:      printf("%s<<%dダメージ吸収\n", (****st) -> name, temp);
    #####:  752:      turn_decrease = -2;
    #####:  753:      enemy_turn = calculate_enemy_turn(enemy_turn, turn_decrease);
    #####:  754:      return enemy_turn;
        -:  755:    }
    #####:  756:    else if ( (****st) -> physical_attack == -3 ){  //物理攻撃反射
    #####:  757:      damage_base = ( ( ( (*enemy_copy1) -> lv + (*enemy_copy1) -> atk ) * 32 ) / 15 ) - (****st) -> str * 2;
    #####:  758:      max_damage = damage_base * 1.3;
    #####:  759:      temp = damage;
    #####:  760:      damage = -3;
    #####:  761:      (*enemy_copy1) -> hp -= temp;
    #####:  762:      printf("Reflect!\n");
    #####:  763:      sleep(1);
    #####:  764:      printf("%s<<%dダメージ\n", (*enemy_copy1) -> name, temp);
    #####:  765:      if ( (*enemy_copy1) -> hp <= 0 ){
    #####:  766:        (*enemy_copy1) -> hp = 0;
    #####:  767:        (*enemy_copy1) -> badstatus = DEAD;
    #####:  768:        printf("%sは倒れた\n", (*enemy_copy1) -> name);
        -:  769:      }
    #####:  770:      turn_decrease = -2;
    #####:  771:      enemy_turn = calculate_enemy_turn(enemy_turn, turn_decrease);
    #####:  772:      return enemy_turn;
        -:  773:    }
        -:  774:    else{
    #####:  775:      target = 1;   //主人公
    #####:  776:      damage_base = ( ( ( (*enemy_copy1) -> lv + (*enemy_copy1) -> atk ) * 32 ) / 15 ) - (****st) -> str * 2;
    #####:  777:      eva_base = 3 + ( (****st) -> agi * 0.2 ) + ( (****st) -> luk * 0.1 ) - ( (*enemy_copy1) -> agi * 0.1) - ( (*enemy_copy1) -> luk * 0.1);   //回避率計算
        -:  778:    }
        -:  779:  }
    #####:  780:  else if ( target_base == 2 ){   //2人目のメンバー
    #####:  781:    if ( (****st2) -> physical_attack == -1 ){  //物理攻撃無効
    #####:  782:      damage = -1;
    #####:  783:      turn_decrease = -2;
    #####:  784:      enemy_turn = calculate_enemy_turn(enemy_turn, turn_decrease);
    #####:  785:      return enemy_turn;
        -:  786:    }
    #####:  787:    else if ( (****st2) -> physical_attack == -2 ){  //物理攻撃吸収
    #####:  788:      damage_base = ( ( ( (*enemy_copy1) -> lv + (*enemy_copy1) -> atk ) * 32 ) / 15 ) - (****st2) -> str * 2;
    #####:  789:      max_damage = damage_base * 1.3;
    #####:  790:      temp = damage;
    #####:  791:      damage = -2;
    #####:  792:      (****st2) -> hp += temp;
    #####:  793:      if ( (****st2) -> hp > (****st2) -> maxhp ){
    #####:  794:        (****st2) -> hp = (****st2) -> maxhp;
        -:  795:      }
    #####:  796:      printf("Absorb!\n");
    #####:  797:      sleep(1);
    #####:  798:      printf("%s<<%dダメージ吸収\n", (****st2) -> name, temp);
    #####:  799:      turn_decrease = -2;
    #####:  800:      enemy_turn = calculate_enemy_turn(enemy_turn, turn_decrease);
    #####:  801:      return enemy_turn;
        -:  802:    }
    #####:  803:    else if ( (****st2) -> physical_attack == -3 ){  //物理攻撃反射
    #####:  804:      damage_base = ( ( ( (*enemy_copy1) -> lv + (*enemy_copy1) -> atk ) * 32 ) / 15 ) - (****st2) -> str * 2;
    #####:  805:      max_damage = damage_base * 1.3;
    #####:  806:      temp = damage;
    #####:  807:      damage = -3;
    #####:  808:      (*enemy_copy1) -> hp -= temp;
    #####:  809:      printf("Reflect!\n");
    #####:  810:      sleep(1);
    #####:  811:      printf("%s<<%dダメージ\n", (*enemy_copy1) -> name, temp);
    #####:  812:      if ( (*enemy_copy1) -> hp <= 0 ){
    #####:  813:        (*enemy_copy1) -> hp = 0;
    #####:  814:        (*enemy_copy1) -> badstatus = DEAD;
    #####:  815:        printf("%sは倒れた\n", (*enemy_copy1) -> name);
        -:  816:      }
    #####:  817:      turn_decrease = -2;
    #####:  818:      enemy_turn = calculate_enemy_turn(enemy_turn, turn_decrease);
    #####:  819:      return enemy_turn;
        -:  820:    }
        -:  821:    else{
    #####:  822:      target = 2;
    #####:  823:      damage_base = ( ( ( (*enemy_copy1) -> lv + (*enemy_copy1) -> atk ) * 32 ) / 15 ) - (****st2) -> str * 2;
    #####:  824:      eva_base = 3 + ( (****st2) -> agi * 0.2 ) + ( (****st2) -> luk * 0.1 ) - ( (*enemy_copy1) -> agi * 0.1) - ( (*enemy_copy1) -> luk * 0.1);   //回避率計算
        -:  825:    }
        -:  826:  }
    #####:  827:  else if ( target_base == 3 ){   //３人目のメンバー
    #####:  828:    if ( (****st3) -> physical_attack == -1 ){  //物理攻撃無効
    #####:  829:      damage = -1;
    #####:  830:      turn_decrease = -2;
    #####:  831:      enemy_turn = calculate_enemy_turn(enemy_turn, turn_decrease);
    #####:  832:      return enemy_turn;
        -:  833:    }
    #####:  834:    else if ( (****st3) -> physical_attack == -2 ){  //物理攻撃吸収
    #####:  835:      damage_base = ( ( ( (*enemy_copy1) -> lv + (*enemy_copy1) -> atk ) * 32 ) / 15 ) - (****st3) -> str * 2;
    #####:  836:      max_damage = damage_base * 1.3;
    #####:  837:      temp = damage;
    #####:  838:      damage = -2;
    #####:  839:      (****st) -> hp += temp;
    #####:  840:      if ( (****st3) -> hp > (****st3) -> maxhp ){
    #####:  841:        (****st3) -> hp = (****st3) -> maxhp;
        -:  842:      }
    #####:  843:      printf("Absorb!\n");
    #####:  844:      sleep(1);
    #####:  845:      printf("%s<<%dダメージ吸収\n", (****st3) -> name, temp);
    #####:  846:      turn_decrease = -2;
    #####:  847:      enemy_turn = calculate_enemy_turn(enemy_turn, turn_decrease);
    #####:  848:      return enemy_turn;
        -:  849:    }
    #####:  850:    else if ( (****st3) -> physical_attack == -3 ){  //物理攻撃反射
    #####:  851:      damage_base = ( ( ( (*enemy_copy1) -> lv + (*enemy_copy1) -> atk ) * 32 ) / 15 ) - (****st3) -> str * 2;
    #####:  852:      max_damage = damage_base * 1.3;
    #####:  853:      temp = damage;
    #####:  854:      damage = -3;
    #####:  855:      (*enemy_copy1) -> hp -= temp;
    #####:  856:      printf("Reflect!\n");
    #####:  857:      sleep(1);
    #####:  858:      printf("%s<<%dダメージ\n", (*enemy_copy1) -> name, temp);
    #####:  859:      if ( (*enemy_copy1) -> hp <= 0 ){
    #####:  860:        (*enemy_copy1) -> hp = 0;
    #####:  861:        (*enemy_copy1) -> badstatus = DEAD;
    #####:  862:        printf("%sは倒れた\n", (*enemy_copy1) -> name);
        -:  863:      }
    #####:  864:      turn_decrease = -2;
    #####:  865:      enemy_turn = calculate_enemy_turn(enemy_turn, turn_decrease);
    #####:  866:      return enemy_turn;
        -:  867:    }
        -:  868:    else{
    #####:  869:      target = 3;
    #####:  870:      damage_base = ( ( ( (*enemy_copy1) -> lv + (*enemy_copy1) -> atk ) * 32 ) / 15 ) - (****st3) -> str * 2;
    #####:  871:      eva_base = 3 + ( (****st3) -> agi * 0.2 ) + ( (****st3) -> luk * 0.1 ) - ( (*enemy_copy1) -> agi * 0.1) - ( (*enemy_copy1) -> luk * 0.1);   //回避率計算
        -:  872:    }
        -:  873:  }
        -:  874:
        -:  875:  //printf("target:%d\n", target);
        -:  876:
        -:  877:  //printf("before eva_base = %f\n", eva_base);
    #####:  878:  eva_base = round(eva_base);
        -:  879:  //printf("after eva_base = %f\n", eva_base);
        -:  880:
    #####:  881:  if ( eva_base < 3 ){
    #####:  882:    eva_base = 3;     //回避率最小値3%
        -:  883:  }
        -:  884:
    #####:  885:  eva = (rand() % ( 100 - 1 + 1 ) + 1);  //回避率の乱数
        -:  886:  //printf("eva number = %d\n", eva);
        -:  887:
    #####:  888:  for ( i = 3; i <= eva_base; i++ ){
    #####:  889:    if ( eva_base == i ){
    #####:  890:      if ( eva >= 1 && eva <= i ){   //回避率eva_base%
    #####:  891:        damage = 0;
    #####:  892:        printf("MISS!\n");
    #####:  893:        eva_count++;
    #####:  894:        turn_decrease = -2;
    #####:  895:        enemy_turn = calculate_enemy_turn(enemy_turn, turn_decrease);
    #####:  896:        return enemy_turn;
        -:  897:      }
        -:  898:    }
        -:  899:  }
        -:  900:
    #####:  901:  if ( eva_count == 0 ){
    #####:  902:    if ( target == 1 ){
    #####:  903:      critical_base = 1 + ( (*enemy_copy1) -> luk * 0.2) - ( (****st) -> luk * 0.1);  //critical率の計算
    #####:  904:      if ( critical_base < 1 ){
    #####:  905:        critical_base = 1;       //critical最小値1%
        -:  906:      }
        -:  907:    }
    #####:  908:    else if ( target == 2 ){
    #####:  909:      critical_base = 1 + ( (*enemy_copy1) -> luk * 0.2) - ( (****st2) -> luk * 0.1);  //critical率の計算
    #####:  910:      if ( critical_base < 1 ){
    #####:  911:        critical_base = 1;       //critical最小値1%
        -:  912:      }
        -:  913:    }
    #####:  914:    else if ( target == 3 ){
    #####:  915:      critical_base = 1 + ( (*enemy_copy1) -> luk * 0.2) - ( (****st3) -> luk * 0.1);  //critical率の計算
    #####:  916:      if ( critical_base < 1 ){
    #####:  917:        critical_base = 1;       //critical最小値1%
        -:  918:      }
        -:  919:    }
        -:  920:    //printf("before critical_base = %f\n", critical_base);
    #####:  921:    critical_base = round(critical_base);
        -:  922:    //printf("after critical_base = %f\n", critical_base);
        -:  923:
    #####:  924:    critical = (rand() % ( 100 - 1 + 1 ) + 1);   //critical率の乱数
        -:  925:    //printf("critical number = %d\n", critical);
        -:  926:
    #####:  927:    for ( i = 1; i <= critical_base; i++ ){
    #####:  928:      if ( critical_base == i ){
    #####:  929:        if ( critical >= 1 && critical <= i ){   //回避率critical_base%
    #####:  930:          max_damage = damage_base * 1.3;   //ダメージの最大乱数はdamage_baseの1.3倍
    #####:  931:          sleep(1);
    #####:  932:          printf("CRITICAL!!\n");
    #####:  933:          damage = (rand() % ( max_damage - damage_base + 1 )) + damage_base; //(rand()%(max - min + 1)) + min;
    #####:  934:          damage *= 2;     //criticalでダメージ2倍
    #####:  935:          critical_count++;
        -:  936:
    #####:  937:          turn_decrease = 0.1;
    #####:  938:          enemy_turn = calculate_enemy_turn(enemy_turn, turn_decrease);
        -:  939:        }
        -:  940:      }
        -:  941:    }
        -:  942:
    #####:  943:    max_damage = damage_base * 1.3;
    #####:  944:    if ( critical_count == 0 ){
    #####:  945:      damage = (rand() % ( max_damage - damage_base + 1) ) + damage_base; //(rand()%(max - min + 1)) + min;
        -:  946:      //味方の耐性判断
    #####:  947:      if ( target == 1 ){
    #####:  948:        if ( (****st) -> physical_attack == 100 ){
    #####:  949:          damage = damage;
    #####:  950:          turn_decrease = -1;
    #####:  951:          enemy_turn = calculate_enemy_turn(enemy_turn, turn_decrease);
        -:  952:        }
    #####:  953:        else if ( (****st) -> physical_attack == 150 ){     //物理攻撃1.5倍
    #####:  954:          damage *= 1.5;
    #####:  955:          turn_decrease = -1;
    #####:  956:          enemy_turn = calculate_enemy_turn(enemy_turn, turn_decrease);
        -:  957:        }
    #####:  958:        else if ( (****st) -> physical_attack == 200 ){
    #####:  959:          sleep(1);
    #####:  960:          printf("WEAKNESS!!\n");
    #####:  961:          damage *= 2;
    #####:  962:          turn_decrease = 0.1;
    #####:  963:          enemy_turn = calculate_enemy_turn(enemy_turn, turn_decrease);
        -:  964:        }
    #####:  965:        else if ( (****st) -> physical_attack == 80 ){  //物理攻撃ダメージ80%
    #####:  966:          damage *= 0.8;
    #####:  967:          turn_decrease = -1;
    #####:  968:          enemy_turn = calculate_enemy_turn(enemy_turn, turn_decrease);
        -:  969:        }
    #####:  970:        else if ( (****st) -> physical_attack == 50 ){  //物理攻撃半減
    #####:  971:          sleep(1);
    #####:  972:          printf("RESIST!\n");
    #####:  973:          damage *= 0.5;
    #####:  974:          turn_decrease = -1;
    #####:  975:          enemy_turn = calculate_enemy_turn(enemy_turn, turn_decrease);
        -:  976:        }
    #####:  977:        else if ( (****st) -> physical_attack == 25 ){  //物理攻撃ダメージ25%
    #####:  978:          sleep(1);
    #####:  979:          printf("RESIST!\n");
    #####:  980:          damage *= 0.25;
    #####:  981:          turn_decrease = -1;
    #####:  982:          enemy_turn = calculate_enemy_turn(enemy_turn, turn_decrease);
        -:  983:        }
        -:  984:
    #####:  985:        if ( player_guard == 1 ){
    #####:  986:          damage /= 1.6;
    #####:  987:          turn_decrease = -1;
    #####:  988:          enemy_turn = calculate_enemy_turn(enemy_turn, turn_decrease);
        -:  989:        }
        -:  990:      }
    #####:  991:      else if ( target == 2 ){
    #####:  992:        if ( (****st2) -> physical_attack == 100 ){
    #####:  993:          damage = damage;
    #####:  994:          turn_decrease = -1;
    #####:  995:          enemy_turn = calculate_enemy_turn(enemy_turn, turn_decrease);
        -:  996:        }
    #####:  997:        else if ( (****st2) -> physical_attack == 150 ){     //物理攻撃1.5倍
    #####:  998:          damage *= 1.5;
    #####:  999:          turn_decrease = -1;
    #####: 1000:          enemy_turn = calculate_enemy_turn(enemy_turn, turn_decrease);
        -: 1001:        }
    #####: 1002:        else if ( (****st2) -> physical_attack == 200 ){
    #####: 1003:          sleep(1);
    #####: 1004:          printf("WEAKNESS!!\n");
    #####: 1005:          damage *= 2;
    #####: 1006:          turn_decrease = 0.1;
    #####: 1007:          enemy_turn = calculate_enemy_turn(enemy_turn, turn_decrease);
        -: 1008:        }
    #####: 1009:        else if ( (****st2) -> physical_attack == 80 ){  //物理攻撃ダメージ80%
    #####: 1010:          damage *= 0.8;
    #####: 1011:          turn_decrease = -1;
    #####: 1012:          enemy_turn = calculate_enemy_turn(enemy_turn, turn_decrease);
        -: 1013:        }
    #####: 1014:        else if ( (****st2) -> physical_attack == 50 ){  //物理攻撃半減
    #####: 1015:          sleep(1);
    #####: 1016:          printf("RESIST!\n");
    #####: 1017:          damage *= 0.5;
    #####: 1018:          turn_decrease = -1;
    #####: 1019:          enemy_turn = calculate_enemy_turn(enemy_turn, turn_decrease);
        -: 1020:        }
    #####: 1021:        else if ( (****st2) -> physical_attack == 25 ){  //物理攻撃ダメージ25%
    #####: 1022:          sleep(1);
    #####: 1023:          printf("RESIST!\n");
    #####: 1024:          damage *= 0.25;
    #####: 1025:          turn_decrease = -1;
    #####: 1026:          enemy_turn = calculate_enemy_turn(enemy_turn, turn_decrease);
        -: 1027:        }
        -: 1028:
    #####: 1029:        if ( player_guard2 == 1 ){
    #####: 1030:          damage /= 1.6;
    #####: 1031:          turn_decrease = -1;
    #####: 1032:          enemy_turn = calculate_enemy_turn(enemy_turn, turn_decrease);
        -: 1033:        }
        -: 1034:
        -: 1035:      }
    #####: 1036:      else if ( target == 3 ){
    #####: 1037:        if ( (****st3) -> physical_attack == 100 ){
    #####: 1038:          damage = damage;
    #####: 1039:          turn_decrease = -1;
    #####: 1040:          enemy_turn = calculate_enemy_turn(enemy_turn, turn_decrease);
        -: 1041:        }
    #####: 1042:        else if ( (****st3) -> physical_attack == 150 ){     //物理攻撃1.5倍
    #####: 1043:          damage *= 1.5;
    #####: 1044:          turn_decrease = -1;
    #####: 1045:          enemy_turn = calculate_enemy_turn(enemy_turn, turn_decrease);
        -: 1046:        }
    #####: 1047:        else if ( (****st3) -> physical_attack == 200 ){
    #####: 1048:          sleep(1);
    #####: 1049:          printf("WEAKNESS!!\n");
    #####: 1050:          damage *= 2;
    #####: 1051:          turn_decrease = 0.1;
    #####: 1052:          enemy_turn = calculate_enemy_turn(enemy_turn, turn_decrease);
        -: 1053:        }
    #####: 1054:        else if ( (****st3) -> physical_attack == 80 ){  //物理攻撃ダメージ80%
    #####: 1055:          damage *= 0.8;
    #####: 1056:          turn_decrease = -1;
    #####: 1057:          enemy_turn = calculate_enemy_turn(enemy_turn, turn_decrease);
        -: 1058:        }
    #####: 1059:        else if ( (****st3) -> physical_attack == 50 ){  //物理攻撃半減
    #####: 1060:          sleep(1);
    #####: 1061:          printf("RESIST!\n");
    #####: 1062:          damage *= 0.5;
    #####: 1063:          turn_decrease = -1;
    #####: 1064:          enemy_turn = calculate_enemy_turn(enemy_turn, turn_decrease);
        -: 1065:        }
    #####: 1066:        else if ( (****st3) -> physical_attack == 25 ){  //物理攻撃ダメージ25%
    #####: 1067:          sleep(1);
    #####: 1068:          printf("RESIST!\n");
    #####: 1069:          damage *= 0.25;
    #####: 1070:          turn_decrease = -1;
    #####: 1071:          enemy_turn = calculate_enemy_turn(enemy_turn, turn_decrease);
        -: 1072:        }
        -: 1073:
    #####: 1074:        if ( player_guard3 == 1 ){
    #####: 1075:          damage /= 1.6;
    #####: 1076:          turn_decrease = -1;
    #####: 1077:          enemy_turn = calculate_enemy_turn(enemy_turn, turn_decrease);
        -: 1078:        }
        -: 1079:      }
        -: 1080:    }
        -: 1081:
    #####: 1082:    if ( target == 1 ){
    #####: 1083:      if ( damage >= (****st) -> hp ){
    #####: 1084:        sleep(1);
    #####: 1085:        printf("%s<<%dダメージ\n", (****st) -> name, damage);
    #####: 1086:        sleep(1);
    #####: 1087:        printf("%sは死んでしまった!\n", (****st) -> name);
    #####: 1088:        (****st) -> hp = 0;
    #####: 1089:        (****st) -> badstatus = DEAD;
        -: 1090:      }
        -: 1091:      else{
    #####: 1092:        printf("%s<<%dダメージ\n", (****st) -> name, damage);
    #####: 1093:        (****st) -> hp -= damage;
    #####: 1094:        if ( (****st) -> hp <= 0 ){
    #####: 1095:          (****st) -> hp = 0;
    #####: 1096:          (****st) -> badstatus = DEAD;
        -: 1097:        }
        -: 1098:      }
        -: 1099:    }
    #####: 1100:    else if ( target == 2 ){
    #####: 1101:      if ( damage >= (****st2) -> hp ){
    #####: 1102:        sleep(1);
    #####: 1103:        printf("%s<<%dダメージ\n", (****st2) -> name, damage);
    #####: 1104:        sleep(1);
    #####: 1105:        printf("%sは死んでしまった!\n", (****st2) -> name);
    #####: 1106:        (****st2) -> hp = 0;
    #####: 1107:        (****st2) -> badstatus = DEAD;
        -: 1108:      }
        -: 1109:      else{
    #####: 1110:        printf("%s<<%dダメージ\n", (****st2) -> name, damage);
    #####: 1111:        (****st2) -> hp -= damage;
    #####: 1112:        if ( (****st2) -> hp <= 0 ){
    #####: 1113:          (****st2) -> hp = 0;
    #####: 1114:          (****st2) -> badstatus = DEAD;
        -: 1115:        }
        -: 1116:      }
        -: 1117:    }
        -: 1118:    else{
    #####: 1119:      if ( damage >= (****st2) -> hp ){
    #####: 1120:        sleep(1);
    #####: 1121:        printf("%s<<%dダメージ\n", (****st3) -> name, damage);
    #####: 1122:        sleep(1);
    #####: 1123:        printf("%sは死んでしまった!\n", (****st3) -> name);
    #####: 1124:        (****st3) -> hp = 0;
    #####: 1125:        (****st3) -> badstatus = DEAD;
        -: 1126:      }
        -: 1127:      else{
    #####: 1128:        printf("%s<<%dダメージ\n", (****st3) -> name, damage);
    #####: 1129:        (****st3) -> hp -= damage;
    #####: 1130:        if ( (****st3) -> hp <= 0 ){
    #####: 1131:          (****st3) -> hp = 0;
    #####: 1132:          (****st3) -> badstatus = DEAD;
        -: 1133:        }
        -: 1134:      }
        -: 1135:    }
        -: 1136:  }
        -: 1137:
    #####: 1138:  player_guard = 0;
    #####: 1139:  player_guard2 = 0;
    #####: 1140:  player_guard3 = 0;
        -: 1141:
    #####: 1142:  return enemy_turn;
        -: 1143:}
        -: 1144:
    #####: 1145:void display_gameover(void){
        -: 1146:
    #####: 1147:  sleep(1);
    #####: 1148:  printf("・・・・・・\n");
    #####: 1149:  sleep(2);
    #####: 1150:  printf("あなた達には失望しましたよ\n");
    #####: 1151:  sleep(2);
    #####: 1152:  printf("やはり人間には荷が重すぎましたか・・・\n");
    #####: 1153:  printf("\n");
    #####: 1154:  sleep(1);
    #####: 1155:  printf("\a");
    #####: 1156:  printf("---------------\n");
    #####: 1157:  printf("---GAME OVER---\n");
    #####: 1158:  printf("---------------\n");
        -: 1159:
    #####: 1160:  exit(EXIT_SUCCESS);
        -: 1161:}
        -: 1162:
    #####: 1163:void poison_effect(Player ****st){
        -: 1164:  int poison_damage;
        -: 1165:
    #####: 1166:  poison_damage = (***st) -> maxhp * 0.15;
    #####: 1167:  (***st) -> hp -= poison_damage;
    #####: 1168:  if ( (***st) -> hp <= 0 ){
    #####: 1169:    printf("%sは毒により%dダメージを受けた!\n", (***st) -> name, poison_damage);
    #####: 1170:    printf("%sは死んでしまった!\n");
    #####: 1171:    (***st) -> badstatus = DEAD;
        -: 1172:  }
        -: 1173:  else{
    #####: 1174:    printf("%sは毒により%dダメージを受けた!\n", (***st) -> name, poison_damage);
        -: 1175:  }
    #####: 1176:}
        -: 1177:
        -: 1178:
    #####: 1179:void enemy_data_copy(Enemy ****enemy, Enemy *enemy_copy){
        -: 1180:
    #####: 1181:  strcpy(enemy_copy -> name, (***enemy) -> name);
    #####: 1182:  enemy_copy -> hp = (***enemy) -> hp;
    #####: 1183:  enemy_copy -> maxhp = (***enemy) -> maxhp;
    #####: 1184:  enemy_copy -> mp = (***enemy) -> maxmp;
    #####: 1185:  enemy_copy -> maxmp = (***enemy) -> maxmp;
    #####: 1186:  enemy_copy -> atk = (***enemy) -> atk;
    #####: 1187:  enemy_copy -> magic = (***enemy) -> magic;
    #####: 1188:  enemy_copy -> str = (***enemy) -> str;
    #####: 1189:  enemy_copy -> agi = (***enemy) -> agi;
    #####: 1190:  enemy_copy -> luk = (***enemy) -> luk;
    #####: 1191:  enemy_copy -> lv = (***enemy) -> lv;
    #####: 1192:  enemy_copy -> exp = (***enemy) -> exp;
    #####: 1193:  enemy_copy -> gold = (***enemy) -> gold;
    #####: 1194:  enemy_copy -> badstatus = (***enemy) -> badstatus;
    #####: 1195:  enemy_copy -> physical_attack = (***enemy) -> physical_attack;
    #####: 1196:  enemy_copy -> gun_attack = (***enemy) -> gun_attack;
    #####: 1197:  enemy_copy -> fire = (***enemy) -> fire;
    #####: 1198:  enemy_copy -> ice = (***enemy) -> ice;
    #####: 1199:  enemy_copy -> elec = (***enemy) -> elec;
    #####: 1200:  enemy_copy -> wave = (***enemy) -> wave;
    #####: 1201:  enemy_copy -> almighty = (***enemy) -> almighty;
    #####: 1202:  enemy_copy -> death = (***enemy) -> death;
    #####: 1203:  enemy_copy -> expel = (***enemy) -> expel;
    #####: 1204:  enemy_copy -> poison = (***enemy) -> poison;
    #####: 1205:  enemy_copy -> palyze = (***enemy) -> palyze;
    #####: 1206:  enemy_copy -> charm = (***enemy) -> charm;
    #####: 1207:  enemy_copy -> close = (***enemy) -> close;
    #####: 1208:  enemy_copy -> stone = (***enemy) -> stone;
    #####: 1209:  enemy_copy -> panic = (***enemy) -> panic;
    #####: 1210:  enemy_copy -> sleep = (***enemy) -> sleep;
    #####: 1211:  enemy_copy -> curse = (***enemy) -> curse;
    #####: 1212:  enemy_copy -> boss_count = (***enemy) -> boss_count;
    #####: 1213:  enemy_copy -> enemy_id = (***enemy) -> enemy_id;
    #####: 1214:}
        -: 1215:
        -: 1216://encount_pattern = 1; 敵１体
        -: 1217://encount_pattern = 2; 同じ敵2体
        -: 1218://encount_pattern = 3; 同じ敵３体
        -: 1219://encount_pattern = 4; 同じ敵４体
        -: 1220://encount_pattern = 5; 違う敵２体
        -: 1221://encount_pattern = 6; 違う敵３体
        -: 1222://encount_pattern = 7; 違う敵４体
        -: 1223://encount_pattern = 8; 敵４体(敵２体を１グループとして２グループ)
        -: 1224:
        -: 1225://未実装
        -: 1226://encount_pattern = 9; 敵４体(同じ敵３体と違う敵１体)
        -: 1227://encount_pattern = 10; 敵３体(同じ敵２体と違う敵１体)
        -: 1228:
    #####: 1229:int battle_escape(Player ****st){
        -: 1230:  int escape, escape_count, i;
        -: 1231:  double escape_base;
        -: 1232:
    #####: 1233:  escape_count = 0;
    #####: 1234:  if ( escape_count == 0 ){  //逃走試行回数
    #####: 1235:    escape_base = 35 + ( (***st) -> agi * 0.2 + (***st) -> luk * 0.2);   //逃走確率の最小値35% + 逃走を選択したキャラの速と運の値
    #####: 1236:    escape_base = round(escape_base);
        -: 1237:    //printf("escape_base = %f\n", escape_base);
    #####: 1238:    escape = (rand() % ( 100 - 1 + 1 ) + 1);
        -: 1239:    //printf("escape number = %d\n", escape);
    #####: 1240:    for ( i = 35; i <= escape_base; i++ ){
    #####: 1241:      if ( escape_base == i ){
    #####: 1242:        if ( escape >= 1 && escape <= i ){
    #####: 1243:          printf("逃走成功!!\n");
    #####: 1244:          printf("%s達は戦闘から逃走した!\n", (***st) -> name);
    #####: 1245:          return 1;
        -: 1246:        }
        -: 1247:        else{
    #####: 1248:          printf("逃走失敗\n");
    #####: 1249:          return -1;
        -: 1250:        }
        -: 1251:      }
        -: 1252:    }
        -: 1253:  }
        -: 1254:
    #####: 1255:}
        -: 1256:
        -: 1257://player_turnについては株式会社ATLUSのRPGで多く用いられているプレスターンバトルシステムを参考
        5: 1258:double calculate_player_turn(double player_turn, double turn_decrease){
        -: 1259:
        5: 1260:  if ( turn_decrease == -1 ){  //ターンを1消費
       5*: 1261:    if ( player_turn == 3 || player_turn == 2 || player_turn == 1 || player_turn == 0 ){
        5: 1262:      player_turn += turn_decrease;
        -: 1263:    }
    #####: 1264:    else if ( player_turn == 3.3 ){
    #####: 1265:      player_turn = 2.2;
        -: 1266:    }
    #####: 1267:    else if ( player_turn == 3.2 ){
    #####: 1268:      player_turn = 2.1;
        -: 1269:    }
    #####: 1270:    else if ( player_turn == 3.1 ){
    #####: 1271:      player_turn = 2.0;
        -: 1272:    }
    #####: 1273:    else if ( player_turn == 2.2 ){
    #####: 1274:      player_turn = 1.1;
        -: 1275:    }
    #####: 1276:    else if ( player_turn == 1.1 ){
    #####: 1277:      player_turn = 0;
        -: 1278:    }
    #####: 1279:    else if ( player_turn == 2.1 ){
    #####: 1280:      player_turn = 1;
        -: 1281:    }
        -: 1282:  }
    #####: 1283:  else if ( turn_decrease == -2 ){
    #####: 1284:    if ( player_turn == 3 || player_turn == 2 || player_turn == 1 ){
    #####: 1285:      player_turn += turn_decrease;
        -: 1286:      //printf("%f\n", player_turn);
    #####: 1287:      if ( player_turn < 0 ){
    #####: 1288:        player_turn = 0;
        -: 1289:      }
        -: 1290:    }
    #####: 1291:    else if ( player_turn == 1.1 || player_turn == 2.1 || player_turn == 2.2 ){
    #####: 1292:      player_turn = 0;
        -: 1293:    }
    #####: 1294:    else if ( player_turn == 3.3 ){
    #####: 1295:      player_turn = 1.1;
        -: 1296:    }
    #####: 1297:    else if ( player_turn == 3.2 ){
    #####: 1298:      player_turn = 1;
        -: 1299:    }
    #####: 1300:    else if ( player_turn == 3.1 ){
    #####: 1301:      player_turn = 1;
        -: 1302:    }
        -: 1303:  }
        -: 1304:  //プレスターン増加
    #####: 1305:  else if ( turn_decrease == 0.1 ){
        -: 1306:    //printf("here\n");
    #####: 1307:    if ( player_turn == 3 || player_turn == 2 || player_turn == 1 ){
    #####: 1308:      player_turn += turn_decrease;
        -: 1309:    }
    #####: 1310:    else if ( player_turn == 1.1 ){
    #####: 1311:      player_turn = 0;
        -: 1312:    }
    #####: 1313:    else if ( player_turn == 2.1 ){
    #####: 1314:      player_turn = 2.2;
        -: 1315:    }
    #####: 1316:    else if ( player_turn == 2.2 ){
    #####: 1317:      player_turn = 1.1;
        -: 1318:    }
    #####: 1319:    else if ( player_turn == 3.1 ){
    #####: 1320:      player_turn = 3.2;
        -: 1321:    }
    #####: 1322:    else if ( player_turn == 3.2 ){
    #####: 1323:      player_turn = 3.3;
        -: 1324:    }
    #####: 1325:    else if ( player_turn == 3.3 ){
    #####: 1326:      player_turn = 2.2;
        -: 1327:    }
        -: 1328:  }
        -: 1329:  //turn消費無し
    #####: 1330:  else if ( turn_decrease == 0.0 ){
    #####: 1331:    player_turn = player_turn;
        -: 1332:  }
        -: 1333:
        5: 1334:  return player_turn;
        -: 1335:}
        -: 1336:
        7: 1337:void display_player_turn(Player ****st, double player_turn){
        -: 1338:  //弱点を付くと〇が◎になる
        -: 1339:  //◎を0.1、２つ目の◎を0.2、３つ目の◎を0.3とカウント
        7: 1340:  if ( player_turn == 3.0 ){
        4: 1341:    printf("%sのTURN! (PLAYER TURN: 〇〇〇)\n", (***st) -> name);
        -: 1342:  }
        3: 1343:  else if ( player_turn == 2.0 ){
        2: 1344:    printf("%sのTURN! (PLAYER TURN: 〇〇)\n", (***st) -> name);
        -: 1345:  }
        1: 1346:  else if ( player_turn == 1.0 ){
        1: 1347:    printf("%sのTURN! (PLAYER TURN: 〇)\n", (***st) -> name);
        -: 1348:  }
    #####: 1349:  else if ( player_turn == 1.1 ){
    #####: 1350:    printf("%sのTURN! (PLAYER TURN: ◎)\n", (***st) -> name);
        -: 1351:  }
    #####: 1352:  else if ( player_turn == 2.1 ){
    #####: 1353:    printf("%sのTURN! (PLAYER TURN: ◎〇)\n", (***st) -> name);
        -: 1354:  }
    #####: 1355:  else if ( player_turn == 2.2 ){
    #####: 1356:    printf("%sのTURN! (PLAYER TURN: ◎◎)\n", (***st) -> name);
        -: 1357:  }
    #####: 1358:  else if ( player_turn == 3.1 ){
    #####: 1359:    printf("%sのTURN! (PLAYER TURN: ◎〇〇)\n", (***st) -> name);
        -: 1360:  }
    #####: 1361:  else if ( player_turn == 3.2 ){
    #####: 1362:    printf("%sのTURN! (PLAYER TURN: ◎◎〇)\n", (***st) -> name);
        -: 1363:  }
    #####: 1364:  else if ( player_turn == 3.3 ){
    #####: 1365:    printf("%sのTURN! (PLAYER TURN: ◎◎◎)\n", (***st) -> name);
        -: 1366:  }
        7: 1367:}
        -: 1368:
        2: 1369:void display_enemy_turn(Enemy ****enemy, double enemy_turn){
        -: 1370:
        2: 1371:  if ( enemy_turn == 4 ){
    #####: 1372:    printf("%sのTURN! (ENEMY TURN: 〇〇〇〇)\n", (***enemy) -> name);
        -: 1373:  }
        2: 1374:  else if ( enemy_turn == 3 ){
    #####: 1375:    printf("%sのTURN! (ENEMY TURN: 〇〇〇)\n", (***enemy) -> name);
        -: 1376:  }
        2: 1377:  else if ( enemy_turn == 2 ){
        1: 1378:    printf("%sのTURN! (ENEMY TURN: 〇〇)\n", (***enemy) -> name);
        -: 1379:  }
        1: 1380:  else if ( enemy_turn == 1 ){
        1: 1381:    printf("%sのTURN! (ENEMY TURN: 〇)\n", (***enemy) -> name);
        -: 1382:  }
    #####: 1383:  else if ( enemy_turn == 4.1 ){
    #####: 1384:    printf("%sのTURN! (ENEMY TURN: ◎〇〇〇)\n", (***enemy) -> name);
        -: 1385:  }
    #####: 1386:  else if ( enemy_turn == 4.2 ){
    #####: 1387:    printf("%sのTURN! (ENEMY TURN: ◎◎〇〇)\n", (***enemy) -> name);
        -: 1388:  }
    #####: 1389:  else if ( enemy_turn == 4.3 ){
    #####: 1390:    printf("%sのTURN! (ENEMY TURN: ◎◎◎〇)\n", (***enemy) -> name);
        -: 1391:  }
    #####: 1392:  else if ( enemy_turn == 4.4 ){
    #####: 1393:    printf("%sのTURN! (ENEMY TURN: ◎◎◎◎)\n", (***enemy) -> name);
        -: 1394:  }
    #####: 1395:  else if ( enemy_turn == 3.1 ){
    #####: 1396:    printf("%sのTURN! (ENEMY TURN: ◎〇〇)\n", (***enemy) -> name);
        -: 1397:  }
    #####: 1398:  else if ( enemy_turn == 3.2 ){
    #####: 1399:    printf("%sのTURN! (ENEMY TURN: ◎◎〇)\n", (***enemy) -> name);
        -: 1400:  }
    #####: 1401:  else if ( enemy_turn == 3.3 ){
    #####: 1402:    printf("%sのTURN! (ENEMY TURN: ◎◎◎)\n", (***enemy) -> name);
        -: 1403:  }
    #####: 1404:  else if ( enemy_turn == 2.2 ){
    #####: 1405:    printf("%sのTURN! (ENEMY TURN: ◎◎)\n", (***enemy) -> name);
        -: 1406:  }
    #####: 1407:  else if ( enemy_turn == 2.1 ){
    #####: 1408:    printf("%sのTURN! (ENEMY TURN: ◎〇)\n", (***enemy) -> name);
        -: 1409:  }
    #####: 1410:  else if ( enemy_turn == 1.1 ){
    #####: 1411:    printf("%sのTURN! (ENEMY TURN: ◎)\n", (***enemy) -> name);
        -: 1412:  }
        2: 1413:}
        -: 1414:
    #####: 1415:void display_enemy_copy_turn(Enemy *enemy_copy1, double enemy_turn){
        -: 1416:
    #####: 1417:  if ( enemy_turn == 4 ){
    #####: 1418:    printf("%sのTURN! (ENEMY TURN: 〇〇〇〇)\n", enemy_copy1 -> name);
        -: 1419:  }
    #####: 1420:  else if ( enemy_turn == 3 ){
    #####: 1421:    printf("%sのTURN! (ENEMY TURN: 〇〇〇)\n", enemy_copy1 -> name);
        -: 1422:  }
    #####: 1423:  else if ( enemy_turn == 2 ){
    #####: 1424:    printf("%sのTURN! (ENEMY TURN: 〇〇)\n", enemy_copy1 -> name);
        -: 1425:  }
    #####: 1426:  else if ( enemy_turn == 1 ){
    #####: 1427:    printf("%sのTURN! (ENEMY TURN: 〇)\n", enemy_copy1 -> name);
        -: 1428:  }
    #####: 1429:  else if ( enemy_turn == 4.1 ){
    #####: 1430:    printf("%sのTURN! (ENEMY TURN: ◎〇〇〇)\n", enemy_copy1 -> name);
        -: 1431:  }
    #####: 1432:  else if ( enemy_turn == 4.2 ){
    #####: 1433:    printf("%sのTURN! (ENEMY TURN: ◎◎〇〇)\n", enemy_copy1 -> name);
        -: 1434:  }
    #####: 1435:  else if ( enemy_turn == 4.3 ){
    #####: 1436:    printf("%sのTURN! (ENEMY TURN: ◎◎◎〇)\n", enemy_copy1 -> name);
        -: 1437:  }
    #####: 1438:  else if ( enemy_turn == 4.4 ){
    #####: 1439:    printf("%sのTURN! (ENEMY TURN: ◎◎◎◎)\n", enemy_copy1 -> name);
        -: 1440:  }
    #####: 1441:  else if ( enemy_turn == 3.1 ){
    #####: 1442:    printf("%sのTURN! (ENEMY TURN: ◎〇〇)\n", enemy_copy1 -> name);
        -: 1443:  }
    #####: 1444:  else if ( enemy_turn == 3.2 ){
    #####: 1445:    printf("%sのTURN! (ENEMY TURN: ◎◎〇)\n", enemy_copy1 -> name);
        -: 1446:  }
    #####: 1447:  else if ( enemy_turn == 3.3 ){
    #####: 1448:    printf("%sのTURN! (ENEMY TURN: ◎◎◎)\n", enemy_copy1 -> name);
        -: 1449:  }
    #####: 1450:  else if ( enemy_turn == 2.2 ){
    #####: 1451:    printf("%sのTURN! (ENEMY TURN: ◎◎)\n", enemy_copy1 -> name);
        -: 1452:  }
    #####: 1453:  else if ( enemy_turn == 2.1 ){
    #####: 1454:    printf("%sのTURN! (ENEMY TURN: ◎〇)\n", enemy_copy1 -> name);
        -: 1455:  }
    #####: 1456:  else if ( enemy_turn == 1.1 ){
    #####: 1457:    printf("%sのTURN! (ENEMY TURN: ◎)\n", enemy_copy1 -> name);
        -: 1458:  }
    #####: 1459:}
        -: 1460:
    #####: 1461:int battle_error_enemydeadcount1(Enemy ****enemy){
        -: 1462:  int enemy_deadcount;
        -: 1463:
    #####: 1464:  if ( (***enemy) -> badstatus == DEAD ){
        -: 1465:    //nothing
        -: 1466:  }
        -: 1467:  else{
    #####: 1468:    enemy_deadcount = 0;
        -: 1469:  }
        -: 1470:
    #####: 1471:  return enemy_deadcount;
        -: 1472:}
        -: 1473:
    #####: 1474:int battle_error_enemydeadcount2(Enemy ****enemy, Enemy *enemy_copy1){
        -: 1475:  int enemy_deadcount;
        -: 1476:
    #####: 1477:  enemy_deadcount = 2;
    #####: 1478:  if ( (***enemy) -> badstatus == DEAD ){
        -: 1479:    //nothing
        -: 1480:  }
        -: 1481:  else{
    #####: 1482:    enemy_deadcount--;
        -: 1483:  }
        -: 1484:
    #####: 1485:  if ( enemy_copy1 -> badstatus == DEAD ){
        -: 1486:    //nothing
        -: 1487:  }
        -: 1488:  else{
    #####: 1489:    enemy_deadcount--;
        -: 1490:  }
        -: 1491:
    #####: 1492:  return enemy_deadcount;
        -: 1493:}
        -: 1494:
    #####: 1495:int battle_error_enemydeadcount3(Enemy ****enemy, Enemy *enemy_copy1, Enemy *enemy_copy2){
        -: 1496:  int enemy_deadcount;
        -: 1497:
    #####: 1498:  enemy_deadcount = 3;
    #####: 1499:  if ( (***enemy) -> badstatus == DEAD ){
        -: 1500:    //nothing
        -: 1501:  }
        -: 1502:  else{
    #####: 1503:    enemy_deadcount--;
        -: 1504:  }
        -: 1505:
    #####: 1506:  if ( enemy_copy1 -> badstatus == DEAD ){
        -: 1507:    //nothing
        -: 1508:  }
        -: 1509:  else{
    #####: 1510:    enemy_deadcount--;
        -: 1511:  }
        -: 1512:
    #####: 1513:  if ( enemy_copy2 -> badstatus == DEAD ){
        -: 1514:    //nothing
        -: 1515:  }
        -: 1516:  else{
    #####: 1517:    enemy_deadcount--;
        -: 1518:  }
        -: 1519:
    #####: 1520:  return enemy_deadcount;
        -: 1521:}
        -: 1522:
    #####: 1523:int battle_error_enemydeadcount4(Enemy ****enemy, Enemy *enemy_copy1, Enemy *enemy_copy2, Enemy *enemy_copy3){
        -: 1524:  int enemy_deadcount;
        -: 1525:
    #####: 1526:  enemy_deadcount = 4;
    #####: 1527:  if ( (***enemy) -> badstatus == DEAD ){
        -: 1528:    //nothing
        -: 1529:  }
        -: 1530:  else{
    #####: 1531:    enemy_deadcount--;
        -: 1532:  }
        -: 1533:
    #####: 1534:  if ( enemy_copy1 -> badstatus == DEAD ){
        -: 1535:    //nothing
        -: 1536:  }
        -: 1537:  else{
    #####: 1538:    enemy_deadcount--;
        -: 1539:  }
        -: 1540:
    #####: 1541:  if ( enemy_copy2 -> badstatus == DEAD ){
        -: 1542:    //nothing
        -: 1543:  }
        -: 1544:  else{
    #####: 1545:    enemy_deadcount--;
        -: 1546:  }
        -: 1547:
    #####: 1548:  if ( enemy_copy3 -> badstatus == DEAD ){
        -: 1549:    //nothing
        -: 1550:  }
        -: 1551:  else{
    #####: 1552:    enemy_deadcount--;
        -: 1553:  }
        -: 1554:
    #####: 1555:  return enemy_deadcount;
        -: 1556:}
        -: 1557:
        3: 1558:void player_badstatus_recover(Player ****st){
        -: 1559:
       3*: 1560:  if ( (***st) -> badstatus == GOOD || (***st) -> badstatus == POISON || (***st) -> badstatus == DEAD || (***st) -> badstatus == CLOSE || (***st) -> badstatus == CURSE ){
        -: 1561:    //ステータスはそのまま
        -: 1562:  }
        -: 1563:  else{
    #####: 1564:    (***st) -> badstatus = GOOD;
        -: 1565:  }
        -: 1566:
        3: 1567:}
        -: 1568:
        -: 1569://敵１種類の戦闘関数
    #####: 1570:void game_battle(Player ***st, Player ***st2, Player ***st3, P_skill ***player_skill, P_skill ***player_skill2, P_skill ***player_skill3, Items ***items, Enemy ***enemy, int encount_pattern){  //構造体のポインタを引数にまたポインタ指定（ダブルポインタ)
        -: 1571:  int player_damage, enemy_damage, enemy_move, player_guard, player_guard2, player_guard3, move_finish;
        -: 1572:  int enemy_deadcount, skill_count, use_skill_count, skill_reaction, recover_point, battle_display_condition_count, enemy_temp;
        -: 1573:  int result_exp, result_gold;
        -: 1574:  int command;
        -: 1575:  int skill_command;
        -: 1576:  int skill_target, skill_user;
        -: 1577:  double player_turn, enemy_turn, turn_decrease, enemy_turn_temp;
        -: 1578:
        -: 1579:  Enemy enemy_copy1;
        -: 1580:  Enemy enemy_copy2;
        -: 1581:  Enemy enemy_copy3;
        -: 1582:
    #####: 1583:  if ( (**enemy) -> boss_count == 0 ){
    #####: 1584:    printf("------NORMAL BATTLE------\n");
    #####: 1585:    printf("\a");
    #####: 1586:    sleep(1);
    #####: 1587:    if ( encount_pattern == 1 ){
    #####: 1588:      printf("%sが現れた!\n", (**enemy) -> name);
    #####: 1589:      enemy_temp = 1;
    #####: 1590:      sleep(1);
        -: 1591:    }
    #####: 1592:    else if ( encount_pattern == 2 ){   //同じ敵2体
    #####: 1593:      printf("%sが２体が現れた!\n", (**enemy) -> name);
    #####: 1594:      enemy_temp = 2;
    #####: 1595:      enemy_data_copy(&enemy,&enemy_copy1);
        -: 1596:    }
    #####: 1597:    else if ( encount_pattern == 3 ){   //同じ敵３体
    #####: 1598:      printf("%sが３体が現れた!\n", (**enemy) -> name);
    #####: 1599:      enemy_temp = 3;
    #####: 1600:      enemy_data_copy(&enemy,&enemy_copy1);
    #####: 1601:      enemy_data_copy(&enemy,&enemy_copy2);
        -: 1602:    }
    #####: 1603:    else if ( encount_pattern == 4 ){   //同じ敵４体
    #####: 1604:      printf("%sが４体が現れた!\n", (**enemy) -> name);
    #####: 1605:      enemy_temp = 4;
    #####: 1606:      enemy_data_copy(&enemy,&enemy_copy1);
    #####: 1607:      enemy_data_copy(&enemy,&enemy_copy2);
    #####: 1608:      enemy_data_copy(&enemy,&enemy_copy3);
        -: 1609:    }
    #####: 1610:    printf("\n");
    #####: 1611:    sleep(1);
        -: 1612:  }
    #####: 1613:  else if ( (**enemy) -> boss_count == 2 ){
    #####: 1614:    printf("------MID BOSS BATTLE------\n");
    #####: 1615:    printf("\a");
    #####: 1616:    sleep(1);
    #####: 1617:    if ( encount_pattern == 1 ){
    #####: 1618:      printf("%sが現れた!\n", (**enemy) -> name);
    #####: 1619:      enemy_temp = 1;
    #####: 1620:      sleep(1);
        -: 1621:    }
    #####: 1622:    else if ( encount_pattern == 2 ){   //同じ敵2体
    #####: 1623:      printf("%sが２体が現れた!\n", (**enemy) -> name);
    #####: 1624:      enemy_temp = 2;
    #####: 1625:      enemy_data_copy(&enemy,&enemy_copy1);
        -: 1626:    }
    #####: 1627:    else if ( encount_pattern == 3 ){   //同じ敵３体
    #####: 1628:      printf("%sが３体が現れた!\n", (**enemy) -> name);
    #####: 1629:      enemy_temp = 3;
    #####: 1630:      enemy_data_copy(&enemy,&enemy_copy1);
    #####: 1631:      enemy_data_copy(&enemy,&enemy_copy2);
        -: 1632:    }
    #####: 1633:    else if ( encount_pattern == 4 ){   //同じ敵４体
    #####: 1634:      printf("%sが４体が現れた!\n", (**enemy) -> name);
    #####: 1635:      enemy_temp = 4;
    #####: 1636:      enemy_data_copy(&enemy,&enemy_copy1);
    #####: 1637:      enemy_data_copy(&enemy,&enemy_copy2);
    #####: 1638:      enemy_data_copy(&enemy,&enemy_copy3);
        -: 1639:    }
    #####: 1640:    printf("\n");
    #####: 1641:    sleep(1);
        -: 1642:  }
        -: 1643:  else{
    #####: 1644:    printf("<<<<<<<BOSS BATTLE>>>>>>>\n");
    #####: 1645:    sleep(1);
    #####: 1646:    printf("\a");
    #####: 1647:    if ( encount_pattern == 1 ){
    #####: 1648:      printf("%sが現れた!\n", (**enemy) -> name);
    #####: 1649:      enemy_temp = 1;
    #####: 1650:      sleep(1);
        -: 1651:    }
    #####: 1652:    printf("\n");
    #####: 1653:    sleep(1);
        -: 1654:  }
        -: 1655:
    #####: 1656:  player_turn = 3;
        -: 1657:  //味方パーティが生きている人数を初期プレイヤーターンとして設定
    #####: 1658:  if ( (**st) -> badstatus == DEAD ){
    #####: 1659:    player_turn--;
        -: 1660:  }
    #####: 1661:  if ( (**st2) -> badstatus == DEAD ){
    #####: 1662:    player_turn--;
        -: 1663:  }
    #####: 1664:  if ( (**st3) -> badstatus == DEAD ){
    #####: 1665:    player_turn--;
        -: 1666:  }
        -: 1667:
    #####: 1668:  enemy_deadcount = 0; //enemyが死んだか判定
    #####: 1669:  skill_count = 0; //skillがあるか判定
    #####: 1670:  use_skill_count = 0; //skillの使用に関する判定
        -: 1671:  do {
    #####: 1672:    skill_reaction = 1;
        -: 1673:    //printf("enemy_deadcount:%d\n", enemy_deadcount);
    #####: 1674:    printf("                 <<<<<<<PLAYER TURN>>>>>>>\n");
    #####: 1675:    printf("\n");
        -: 1676:    //戦闘画面のレイアウト
    #####: 1677:    if ( encount_pattern == 1 ){
    #####: 1678:      encount_pattern1_layout(&enemy,encount_pattern);
        -: 1679:    }
    #####: 1680:    else if ( encount_pattern == 2 ){
    #####: 1681:      encount_pattern2_layout(&enemy,&enemy_copy1,encount_pattern);
        -: 1682:    }
    #####: 1683:    else if ( encount_pattern == 3 ){
    #####: 1684:      encount_pattern3_layout(&enemy, &enemy_copy1, &enemy_copy2, encount_pattern);
        -: 1685:    }
    #####: 1686:    else if ( encount_pattern == 4 ){
[...]
        -: 4124:
    #####: 4125:        printf("       %3s                   %3s                    %3s\n", (**st) -> name, (**st2) -> name, (**st3) -> name);
    #####: 4126:        printf(" HP:%d/%d MP:%d/%d       HP:%d/%d MP:%d/%d          HP:%d/%d MP:%d/%d\n", (**st) -> hp, (**st) -> maxhp, (**st) -> mp, (**st) -> maxmp, (**st2) -> hp, (**st2) -> maxhp, (**st2) -> mp, (**st2) -> maxmp, (**st3) -> hp, (**st3) -> maxhp, (**st3) -> mp, (**st3) -> maxmp);
    #####: 4127:        battle_display_condition_count = 0;
    #####: 4128:        hp_graphycal_display(&st,&st2,&st3);
    #####: 4129:        mp_graphycal_display(&st,&st2,&st3);
    #####: 4130:        battle_display_condition(&st, battle_display_condition_count);
    #####: 4131:        battle_display_condition_count++;
    #####: 4132:        battle_display_condition(&st2, battle_display_condition_count);
    #####: 4133:        battle_display_condition_count++;
    #####: 4134:        battle_display_condition(&st3, battle_display_condition_count);
    #####: 4135:        printf("\n");
        -: 4136:
    #####: 4137:        display_enemy_turn(&enemy, enemy_turn);
        -: 4138:        //enemyの攻撃
        -: 4139:        //printf("%f\n", enemy_turn);
    #####: 4140:        sleep(1);
    #####: 4141:        enemy_turn = enemy_attack_pattern(&st, &st2, &st3, &enemy, player_guard, player_guard2, player_guard3, enemy_turn);
    #####: 4142:        sleep(1);
        -: 4143:        //printf("%f\n", enemy_turn);
        -: 4144:
    #####: 4145:        if ( enemy_turn <= 0 ){
    #####: 4146:          break;
        -: 4147:        }
        -: 4148:      }
    #####: 4149:      else if ( encount_pattern == 2 ){
    #####: 4150:        enemy_turn = 2;
    #####: 4151:        if ( (**enemy) -> badstatus == DEAD ){
    #####: 4152:          enemy_turn--;
        -: 4153:        }
    #####: 4154:        if ( enemy_copy1.badstatus == DEAD ){
    #####: 4155:          enemy_turn--;
        -: 4156:        }
        -: 4157:        //printf("enemy_turn:%f\n", enemy_turn);
        -: 4158:        //printf("enemy_turn_temp:%f\n", enemy_turn_temp);
        -: 4159:
    #####: 4160:        if ( enemy_turn != enemy_turn_temp && enemy_turn_temp != -2 ){
    #####: 4161:          enemy_turn = enemy_turn_temp;
        -: 4162:        }
        -: 4163:        //printf("enemy_turn:%f\n", enemy_turn);
        -: 4164:        //printf("enemy_turn_temp:%f\n", enemy_turn_temp);
        -: 4165:
    #####: 4166:        printf("                 <<<<<<<ENEMY TURN>>>>>>>\n");
    #####: 4167:        printf("\n");
    #####: 4168:        encount_pattern2_layout(&enemy,&enemy_copy1,encount_pattern);
    #####: 4169:        printf("\n");
    #####: 4170:        sleep(1);
        -: 4171:
    #####: 4172:        printf("       %3s                   %3s                    %3s\n", (**st) -> name, (**st2) -> name, (**st3) -> name);
    #####: 4173:        printf(" HP:%d/%d MP:%d/%d       HP:%d/%d MP:%d/%d          HP:%d/%d MP:%d/%d\n", (**st) -> hp, (**st) -> maxhp, (**st) -> mp, (**st) -> maxmp, (**st2) -> hp, (**st2) -> maxhp, (**st2) -> mp, (**st2) -> maxmp, (**st3) -> hp, (**st3) -> maxhp, (**st3) -> mp, (**st3) -> maxmp);
    #####: 4174:        battle_display_condition_count = 0;
    #####: 4175:        hp_graphycal_display(&st,&st2,&st3);
    #####: 4176:        mp_graphycal_display(&st,&st2,&st3);
    #####: 4177:        battle_display_condition(&st, battle_display_condition_count);
    #####: 4178:        battle_display_condition_count++;
    #####: 4179:        battle_display_condition(&st2, battle_display_condition_count);
    #####: 4180:        battle_display_condition_count++;
    #####: 4181:        battle_display_condition(&st3, battle_display_condition_count);
    #####: 4182:        printf("\n");
        -: 4183:        //printf("enemy's badstatus:%d\n", (**enemy) -> badstatus);
        -: 4184:        //printf("enemy_copy1's badstatus:%d\n", enemy_copy1.badstatus);
    #####: 4185:        if ( (**enemy) -> badstatus != DEAD ){
    #####: 4186:          display_enemy_turn(&enemy, enemy_turn);
        -: 4187:          //enemyの攻撃
        -: 4188:          //printf("%f\n", enemy_turn);
    #####: 4189:          sleep(1);
    #####: 4190:          enemy_turn = enemy_attack_pattern(&st, &st2, &st3, &enemy, player_guard, player_guard2, player_guard3, enemy_turn);
    #####: 4191:          sleep(1);
        -: 4192:          //printf("%f\n", enemy_turn);
    #####: 4193:          printf("\n");
        -: 4194:        }
        -: 4195:
    #####: 4196:        if ( (**st) -> badstatus == DEAD && (**st2) -> badstatus == DEAD && (**st3) -> badstatus == DEAD ){
    #####: 4197:          display_gameover();
        -: 4198:        }
    #####: 4199:        if ( enemy_turn <= 0 ){
    #####: 4200:          break;
        -: 4201:        }
        -: 4202:
    #####: 4203:        if ( enemy_copy1.badstatus != DEAD ){
    #####: 4204:          sleep(1);
    #####: 4205:          display_enemy_copy_turn(&enemy_copy1, enemy_turn);
        -: 4206:          //enemyの攻撃
        -: 4207:          //printf("%f\n", enemy_turn);
    #####: 4208:          sleep(1);
    #####: 4209:          enemy_turn = enemy_copy_attack_pattern(&st, &st2, &st3, &enemy_copy1, player_guard, player_guard2, player_guard3, enemy_turn);
    #####: 4210:          sleep(1);
        -: 4211:          //printf("%f\n", enemy_turn);
        -: 4212:        }
        -: 4213:
    #####: 4214:        if ( (**st) -> badstatus == DEAD && (**st2) -> badstatus == DEAD && (**st3) -> badstatus == DEAD ){
    #####: 4215:          display_gameover();
        -: 4216:        }
    #####: 4217:        if ( enemy_turn <= 0 ){
    #####: 4218:          break;
        -: 4219:        }
        -: 4220:
        -: 4221:      }
    #####: 4222:      else if ( encount_pattern == 3 ){
    #####: 4223:        enemy_turn = 3;
    #####: 4224:        if ( (**enemy) -> badstatus == DEAD ){
    #####: 4225:          enemy_turn--;
        -: 4226:        }
    #####: 4227:        if ( enemy_copy1.badstatus == DEAD ){
    #####: 4228:          enemy_turn--;
        -: 4229:        }
    #####: 4230:        if ( enemy_copy2.badstatus == DEAD ){
    #####: 4231:          enemy_turn--;
        -: 4232:        }
        -: 4233:
    #####: 4234:        if ( enemy_turn != enemy_turn_temp && enemy_turn_temp != -2 ){
    #####: 4235:          enemy_turn = enemy_turn_temp;
        -: 4236:        }
        -: 4237:        //printf("enemy_turn:%f\n", enemy_turn);
    #####: 4238:        printf("                 <<<<<<<ENEMY TURN>>>>>>>\n");
    #####: 4239:        printf("\n");
    #####: 4240:        encount_pattern3_layout(&enemy,&enemy_copy1,&enemy_copy2,encount_pattern);
    #####: 4241:        printf("\n");
    #####: 4242:        sleep(1);
        -: 4243:
    #####: 4244:        printf("       %3s                   %3s                    %3s\n", (**st) -> name, (**st2) -> name, (**st3) -> name);
    #####: 4245:        printf(" HP:%d/%d MP:%d/%d       HP:%d/%d MP:%d/%d          HP:%d/%d MP:%d/%d\n", (**st) -> hp, (**st) -> maxhp, (**st) -> mp, (**st) -> maxmp, (**st2) -> hp, (**st2) -> maxhp, (**st2) -> mp, (**st2) -> maxmp, (**st3) -> hp, (**st3) -> maxhp, (**st3) -> mp, (**st3) -> maxmp);
    #####: 4246:        battle_display_condition_count = 0;
    #####: 4247:        hp_graphycal_display(&st,&st2,&st3);
    #####: 4248:        mp_graphycal_display(&st,&st2,&st3);
    #####: 4249:        battle_display_condition(&st, battle_display_condition_count);
    #####: 4250:        battle_display_condition_count++;
    #####: 4251:        battle_display_condition(&st2, battle_display_condition_count);
    #####: 4252:        battle_display_condition_count++;
    #####: 4253:        battle_display_condition(&st3, battle_display_condition_count);
    #####: 4254:        printf("\n");
        -: 4255:        //printf("enemy's badstatus:%d\n", (**enemy) -> badstatus);
        -: 4256:        //printf("enemy_copy1's badstatus:%d\n", enemy_copy1.badstatus);
    #####: 4257:        if ( (**enemy) -> badstatus != DEAD ){
    #####: 4258:          display_enemy_turn(&enemy, enemy_turn);
        -: 4259:          //enemyの攻撃
        -: 4260:          //printf("%f\n", enemy_turn);
    #####: 4261:          sleep(1);
    #####: 4262:          enemy_turn = enemy_attack_pattern(&st, &st2, &st3, &enemy, player_guard, player_guard2, player_guard3, enemy_turn);
    #####: 4263:          sleep(1);
        -: 4264:          //printf("%f\n", enemy_turn);
    #####: 4265:          printf("\n");
        -: 4266:        }
        -: 4267:
    #####: 4268:        if ( (**st) -> badstatus == DEAD && (**st2) -> badstatus == DEAD && (**st3) -> badstatus == DEAD ){
    #####: 4269:          display_gameover();
        -: 4270:        }
    #####: 4271:        if ( enemy_turn <= 0 ){
    #####: 4272:          break;
        -: 4273:        }
        -: 4274:
    #####: 4275:        if ( enemy_copy1.badstatus != DEAD ){
    #####: 4276:          sleep(1);
    #####: 4277:          display_enemy_copy_turn(&enemy_copy1, enemy_turn);
        -: 4278:          //enemyの攻撃
        -: 4279:          //printf("%f\n", enemy_turn);
    #####: 4280:          sleep(1);
    #####: 4281:          enemy_turn = enemy_copy_attack_pattern(&st, &st2, &st3, &enemy_copy1, player_guard, player_guard2, player_guard3, enemy_turn);
    #####: 4282:          sleep(1);
        -: 4283:          //rintf("%f\n", enemy_turn);
        -: 4284:        }
    #####: 4285:        if ( (**st) -> badstatus == DEAD && (**st2) -> badstatus == DEAD && (**st3) -> badstatus == DEAD ){
    #####: 4286:          display_gameover();
        -: 4287:        }
    #####: 4288:        if ( enemy_turn <= 0 ){
    #####: 4289:          break;
        -: 4290:        }
        -: 4291:
    #####: 4292:        if ( enemy_copy2.badstatus != DEAD ){
    #####: 4293:          sleep(1);
    #####: 4294:          display_enemy_copy_turn(&enemy_copy2, enemy_turn);
        -: 4295:          //enemyの攻撃
        -: 4296:          //printf("%f\n", enemy_turn);
    #####: 4297:          sleep(1);
    #####: 4298:          enemy_turn = enemy_copy_attack_pattern(&st, &st2, &st3, &enemy_copy2, player_guard, player_guard2, player_guard3, enemy_turn);
    #####: 4299:          sleep(1);
        -: 4300:          //printf("%f\n", enemy_turn);
        -: 4301:        }
        -: 4302:
        -: 4303:      }
    #####: 4304:      else if ( encount_pattern == 4 ){
    #####: 4305:        enemy_turn = 4;
    #####: 4306:        if ( (**enemy) -> badstatus == DEAD ){
    #####: 4307:          enemy_turn--;
        -: 4308:        }
    #####: 4309:        if ( enemy_copy1.badstatus == DEAD ){
    #####: 4310:          enemy_turn--;
        -: 4311:        }
    #####: 4312:        if ( enemy_copy2.badstatus == DEAD ){
    #####: 4313:          enemy_turn--;
        -: 4314:        }
    #####: 4315:        if ( enemy_copy3.badstatus == DEAD ){
    #####: 4316:          enemy_turn--;
        -: 4317:        }
        -: 4318:
    #####: 4319:        if ( enemy_turn != enemy_turn_temp && enemy_turn_temp != -2 ){
    #####: 4320:          enemy_turn = enemy_turn_temp;
        -: 4321:        }
        -: 4322:        //printf("enemy_turn:%f\n", enemy_turn);
    #####: 4323:        printf("                 <<<<<<<ENEMY TURN>>>>>>>\n");
    #####: 4324:        printf("\n");
    #####: 4325:        encount_pattern4_layout(&enemy,&enemy_copy1,&enemy_copy2,&enemy_copy3,encount_pattern);
    #####: 4326:        printf("\n");
    #####: 4327:        sleep(1);
        -: 4328:
    #####: 4329:        printf("       %3s                   %3s                    %3s\n", (**st) -> name, (**st2) -> name, (**st3) -> name);
    #####: 4330:        printf(" HP:%d/%d MP:%d/%d       HP:%d/%d MP:%d/%d          HP:%d/%d MP:%d/%d\n", (**st) -> hp, (**st) -> maxhp, (**st) -> mp, (**st) -> maxmp, (**st2) -> hp, (**st2) -> maxhp, (**st2) -> mp, (**st2) -> maxmp, (**st3) -> hp, (**st3) -> maxhp, (**st3) -> mp, (**st3) -> maxmp);
    #####: 4331:        battle_display_condition_count = 0;
    #####: 4332:        hp_graphycal_display(&st,&st2,&st3);
    #####: 4333:        mp_graphycal_display(&st,&st2,&st3);
    #####: 4334:        battle_display_condition(&st, battle_display_condition_count);
    #####: 4335:        battle_display_condition_count++;
    #####: 4336:        battle_display_condition(&st2, battle_display_condition_count);
    #####: 4337:        battle_display_condition_count++;
    #####: 4338:        battle_display_condition(&st3, battle_display_condition_count);
    #####: 4339:        printf("\n");
        -: 4340:        //printf("enemy's badstatus:%d\n", (**enemy) -> badstatus);
        -: 4341:        //printf("enemy_copy1's badstatus:%d\n", enemy_copy1.badstatus);
    #####: 4342:        if ( (**enemy) -> badstatus != DEAD ){
    #####: 4343:          display_enemy_turn(&enemy, enemy_turn);
        -: 4344:          //enemyの攻撃
        -: 4345:          //printf("%f\n", enemy_turn);
    #####: 4346:          sleep(1);
    #####: 4347:          enemy_turn = enemy_attack_pattern(&st, &st2, &st3, &enemy, player_guard, player_guard2, player_guard3, enemy_turn);
    #####: 4348:          sleep(1);
        -: 4349:          //printf("%f\n", enemy_turn);
    #####: 4350:          printf("\n");
        -: 4351:        }
        -: 4352:
    #####: 4353:        if ( (**st) -> badstatus == DEAD && (**st2) -> badstatus == DEAD && (**st3) -> badstatus == DEAD ){
    #####: 4354:          display_gameover();
        -: 4355:        }
    #####: 4356:        if ( enemy_turn <= 0 ){
    #####: 4357:          break;
        -: 4358:        }
        -: 4359:
    #####: 4360:        if ( enemy_copy1.badstatus !=DEAD ){
    #####: 4361:          sleep(1);
    #####: 4362:          display_enemy_copy_turn(&enemy_copy1, enemy_turn);
        -: 4363:          //enemyの攻撃
        -: 4364:          //printf("%f\n", enemy_turn);
    #####: 4365:          sleep(1);
    #####: 4366:          enemy_turn = enemy_copy_attack_pattern(&st, &st2, &st3, &enemy_copy1, player_guard, player_guard2, player_guard3, enemy_turn);
    #####: 4367:          sleep(1);
        -: 4368:          //printf("%f\n", enemy_turn);
        -: 4369:        }
    #####: 4370:        if ( (**st) -> badstatus == DEAD && (**st2) -> badstatus == DEAD && (**st3) -> badstatus == DEAD ){
    #####: 4371:          display_gameover();
        -: 4372:        }
    #####: 4373:        if ( enemy_turn <= 0 ){
    #####: 4374:          break;
        -: 4375:        }
        -: 4376:
    #####: 4377:        if ( enemy_copy2.badstatus != DEAD ){
    #####: 4378:          sleep(1);
    #####: 4379:          display_enemy_copy_turn(&enemy_copy2, enemy_turn);
        -: 4380:          //enemyの攻撃
        -: 4381:          //printf("%f\n", enemy_turn);
    #####: 4382:          sleep(1);
    #####: 4383:          enemy_turn = enemy_copy_attack_pattern(&st, &st2, &st3, &enemy_copy2, player_guard, player_guard2, player_guard3, enemy_turn);
    #####: 4384:          sleep(1);
        -: 4385:          //printf("%f\n", enemy_turn);
        -: 4386:        }
        -: 4387:
    #####: 4388:        if ( (**st) -> badstatus == DEAD && (**st2) -> badstatus == DEAD && (**st3) -> badstatus == DEAD ){
    #####: 4389:          display_gameover();
        -: 4390:        }
    #####: 4391:        if ( enemy_turn <= 0 ){
    #####: 4392:          break;
        -: 4393:        }
        -: 4394:
    #####: 4395:        if ( enemy_copy3.badstatus != DEAD ){
    #####: 4396:          sleep(1);
    #####: 4397:          display_enemy_copy_turn(&enemy_copy3, enemy_turn);
        -: 4398:          //enemyの攻撃
        -: 4399:          //printf("%f\n", enemy_turn);
    #####: 4400:          sleep(1);
    #####: 4401:          enemy_turn = enemy_copy_attack_pattern(&st, &st2, &st3, &enemy_copy3, player_guard, player_guard2, player_guard3, enemy_turn);
    #####: 4402:          sleep(1);
        -: 4403:          //printf("%f\n", enemy_turn);
        -: 4404:        }
        -: 4405:
    #####: 4406:        if ( (**st) -> badstatus == DEAD && (**st2) -> badstatus == DEAD && (**st3) -> badstatus == DEAD ){
    #####: 4407:          display_gameover();
        -: 4408:        }
    #####: 4409:        if ( enemy_turn <= 0 ){
    #####: 4410:          break;
        -: 4411:        }
        -: 4412:
        -: 4413:      }
    #####: 4414:      if ( (**st) -> badstatus == DEAD && (**st2) -> badstatus == DEAD && (**st3) -> badstatus == DEAD ){
    #####: 4415:        display_gameover();
        -: 4416:      }
        -: 4417:
    #####: 4418:      enemy_turn_temp = enemy_turn;
        -: 4419:
    #####: 4420:    } while ( enemy_turn > 0 );
        -: 4421:
    #####: 4422:  }while( enemy_deadcount != enemy_temp || ( (**st) -> badstatus != DEAD && (**st2) -> badstatus != DEAD && (**st3) -> badstatus != DEAD ) );
        -: 4423:
    #####: 4424:  (**enemy) -> badstatus = GOOD;  //敵の状態をGOODに戻す
    #####: 4425:  enemy_copy1.badstatus = GOOD;
    #####: 4426:  (**enemy) -> hp = (**enemy) -> maxhp;
    #####: 4427:  (**enemy) -> mp = (**enemy) -> maxmp;
        -: 4428:
    #####: 4429:  result_exp = 0;
    #####: 4430:  result_gold = 0;
    #####: 4431:  if ( encount_pattern == 1 ){
    #####: 4432:    result_exp = (**enemy) -> exp;
    #####: 4433:    result_gold = (**enemy) -> gold;
        -: 4434:  }
    #####: 4435:  else if ( encount_pattern == 2 ){
    #####: 4436:    result_exp = (**enemy) -> exp + enemy_copy1.exp;
    #####: 4437:    result_gold = (**enemy) -> gold + enemy_copy1.gold;
        -: 4438:  }
    #####: 4439:  else if ( encount_pattern == 3 ){
    #####: 4440:    result_exp = (**enemy) -> exp + enemy_copy1.exp + enemy_copy2.exp;
    #####: 4441:    result_gold = (**enemy) -> gold + enemy_copy1.gold + enemy_copy2.gold;
        -: 4442:  }
    #####: 4443:  else if ( encount_pattern == 4 ){
    #####: 4444:    result_exp = (**enemy) -> exp + enemy_copy1.exp + enemy_copy2.exp + enemy_copy3.exp;
    #####: 4445:    result_gold = (**enemy) -> gold + enemy_copy1.gold + enemy_copy2.gold + enemy_copy3.gold;
        -: 4446:  }
        -: 4447:
    #####: 4448:  printf("\a");
    #####: 4449:  sleep(1);
    #####: 4450:  printf("%s達は戦闘に勝利した!\n", (**st) -> name);
    #####: 4451:  printf("------RESULT------\n");
    #####: 4452:  printf("  EXP:%d GOLD:%d\n", result_exp, result_gold);
    #####: 4453:  printf("\n");
        -: 4454:
        -: 4455:  //アイテムドロップ
    #####: 4456:  if ( encount_pattern == 1 || encount_pattern == 2 || encount_pattern == 3 || encount_pattern == 4 ){
    #####: 4457:    item_drop(&st,&st2,&st3,&enemy,&items,encount_pattern);
        -: 4458:  }
        -: 4459:
    #####: 4460:  if ( (**st) -> badstatus == DEAD ){
        -: 4461:    //経験値獲得無し
        -: 4462:  }
        -: 4463:  else{
    #####: 4464:    (**st) -> exp += result_exp;
    #####: 4465:    (**st) -> sumexp += result_exp;
    #####: 4466:    level_up(&st, &player_skill);
        -: 4467:  }
    #####: 4468:  if ( (**st2) -> badstatus == DEAD ){
        -: 4469:    //獲得経験値なし
        -: 4470:  }
        -: 4471:  else{
    #####: 4472:    (**st2) -> exp += result_exp;
    #####: 4473:    (**st2) -> sumexp += result_exp;
    #####: 4474:    level_up(&st2, &player_skill2);
        -: 4475:  }
    #####: 4476:  if ( (**st3) -> badstatus == DEAD ){
        -: 4477:    //獲得経験値なし
        -: 4478:  }
        -: 4479:  else{
    #####: 4480:    (**st3) -> exp += result_exp;
    #####: 4481:    (**st3) -> sumexp += result_exp;
    #####: 4482:    level_up(&st3, &player_skill3);
        -: 4483:  }
        -: 4484:
    #####: 4485:  (**st) -> gold += result_gold;
        -: 4486:
    #####: 4487:  player_badstatus_recover(&st);
    #####: 4488:  player_badstatus_recover(&st2);
    #####: 4489:  player_badstatus_recover(&st3);
        -: 4490:}
